<?xml version="1.0" encoding="UTF-8" standalone="yes"?><!DOCTYPE report PUBLIC "-//JACOCO//DTD Report 1.1//EN" "report.dtd"><report name="Merged (29-may-2020 4:16:49)"><sessioninfo id="Thomas-ba193513" start="1590286561955" dump="1590286562233"/><sessioninfo id="Thomas-ad2e75d9" start="1590346557900" dump="1590346584862"/><sessioninfo id="Thomas-c945c0d6" start="1590346642467" dump="1590346655296"/><sessioninfo id="Thomas-25119b20" start="1590349030737" dump="1590349047132"/><sessioninfo id="Thomas-a233ab04" start="1590351394982" dump="1590351419519"/><sessioninfo id="Thomas-3ba09217" start="1590351514178" dump="1590351525988"/><sessioninfo id="Thomas-c9b3a611" start="1590351535685" dump="1590351548252"/><sessioninfo id="Thomas-deaf03da" start="1590351747567" dump="1590351773649"/><sessioninfo id="Thomas-e0ac139f" start="1590351812350" dump="1590351823890"/><sessioninfo id="Thomas-56967eca" start="1590351896024" dump="1590351909336"/><sessioninfo id="Thomas-49360011" start="1590351924095" dump="1590351936599"/><sessioninfo id="Thomas-afa0b7f9" start="1590353023891" dump="1590353036499"/><sessioninfo id="Thomas-ccf8207a" start="1590353063499" dump="1590353077217"/><sessioninfo id="Thomas-2b991a0b" start="1590353118912" dump="1590353146568"/><sessioninfo id="Thomas-7ba99ea" start="1590353787869" dump="1590353814274"/><sessioninfo id="Thomas-44e5b40e" start="1590354111921" dump="1590354141074"/><sessioninfo id="Thomas-64a44617" start="1590439764229" dump="1590439784751"/><sessioninfo id="Thomas-8b895018" start="1590439788906" dump="1590439800133"/><sessioninfo id="Thomas-75e29d7b" start="1590439803377" dump="1590439815154"/><sessioninfo id="Thomas-5370145a" start="1590440419146" dump="1590440431087"/><sessioninfo id="Thomas-711b0e86" start="1590441497582" dump="1590441509276"/><sessioninfo id="Thomas-3d13f51b" start="1590441531529" dump="1590441544250"/><sessioninfo id="Thomas-9ad49150" start="1590441749705" dump="1590441760873"/><sessioninfo id="Thomas-70ccf5ec" start="1590507394258" dump="1590507406579"/><sessioninfo id="Thomas-cb9cd458" start="1590507522626" dump="1590507547833"/><sessioninfo id="Thomas-810d46da" start="1590507607275" dump="1590507637510"/><sessioninfo id="Thomas-20b27b21" start="1590507688629" dump="1590507721744"/><sessioninfo id="Thomas-3afece64" start="1590507724048" dump="1590507738184"/><sessioninfo id="Thomas-d6859d96" start="1590507762099" dump="1590507783545"/><sessioninfo id="Thomas-46268c6e" start="1590509373146" dump="1590509420959"/><sessioninfo id="Thomas-e5c876b4" start="1590510400515" dump="1590510447079"/><sessioninfo id="Thomas-87b2c164" start="1590514959510" dump="1590515000790"/><sessioninfo id="Thomas-e44086ab" start="1590515006059" dump="1590515026871"/><sessioninfo id="Thomas-f632f68b" start="1590515040760" dump="1590515088601"/><sessioninfo id="Thomas-50b3fd75" start="1590527144983" dump="1590527200604"/><sessioninfo id="Thomas-24768c43" start="1590527740990" dump="1590527785074"/><sessioninfo id="Thomas-658e84dd" start="1590609978712" dump="1590610154909"/><sessioninfo id="Thomas-650c141" start="1590610158558" dump="1590610198439"/><sessioninfo id="Thomas-3794e248" start="1590614209827" dump="1590614248469"/><sessioninfo id="Thomas-aa75b16a" start="1590614728525" dump="1590614769937"/><sessioninfo id="Thomas-d03fba71" start="1590616498256" dump="1590616550706"/><sessioninfo id="Thomas-34a06bfa" start="1590616700669" dump="1590616709734"/><sessioninfo id="Thomas-19919b13" start="1590628581309" dump="1590628590482"/><sessioninfo id="Thomas-76559e1e" start="1590628684134" dump="1590628697383"/><sessioninfo id="Thomas-f6b9c1ba" start="1590632658684" dump="1590632674108"/><sessioninfo id="Thomas-a137beff" start="1590673496408" dump="1590673523294"/><sessioninfo id="Thomas-e03f8b7e" start="1590675871290" dump="1590675929231"/><sessioninfo id="Thomas-9b1110f7" start="1590676843511" dump="1590676886089"/><sessioninfo id="Thomas-b39e43af" start="1590677513223" dump="1590677523447"/><sessioninfo id="Thomas-3fdd22e" start="1590679377347" dump="1590679547819"/><sessioninfo id="Thomas-fa9e64fd" start="1590679566864" dump="1590679683422"/><sessioninfo id="Thomas-2e0df8e4" start="1590683097158" dump="1590683104963"/><sessioninfo id="Thomas-c2a3e95a" start="1590683129052" dump="1590683137410"/><sessioninfo id="Thomas-efe74bed" start="1590683202676" dump="1590683214414"/><sessioninfo id="Thomas-6a59909d" start="1590683219028" dump="1590683232570"/><sessioninfo id="Thomas-44918295" start="1590683979316" dump="1590684000583"/><sessioninfo id="Thomas-82a60652" start="1590684089923" dump="1590684173509"/><sessioninfo id="Thomas-dc32527d" start="1590684739030" dump="1590684808305"/><sessioninfo id="Thomas-bc46f208" start="1590684866998" dump="1590684938657"/><sessioninfo id="Thomas-93883e27" start="1590684949857" dump="1590684965647"/><sessioninfo id="Thomas-d9ee4953" start="1590685181191" dump="1590685229472"/><sessioninfo id="Thomas-d81d55ab" start="1590693177185" dump="1590693189848"/><sessioninfo id="Thomas-507f9209" start="1590693219304" dump="1590693253959"/><sessioninfo id="Thomas-dcbb53a2" start="1590693323148" dump="1590693349699"/><sessioninfo id="Thomas-72a7bd9b" start="1590693440584" dump="1590693588359"/><sessioninfo id="Thomas-2405159c" start="1590693685176" dump="1590693869221"/><sessioninfo id="Thomas-fd168e1b" start="1590694008118" dump="1590694016422"/><sessioninfo id="Thomas-7bbb9c6" start="1590694034434" dump="1590694168313"/><sessioninfo id="Thomas-edd8359c" start="1590694217417" dump="1590694222739"/><sessioninfo id="Thomas-ba9cb094" start="1590694255477" dump="1590694275699"/><sessioninfo id="Thomas-a4c09149" start="1590694295090" dump="1590694303026"/><sessioninfo id="Thomas-a89e82db" start="1590694335162" dump="1590694342503"/><sessioninfo id="Thomas-7c61c3ec" start="1590694363100" dump="1590694451270"/><sessioninfo id="Thomas-1cbda997" start="1590694469673" dump="1590694480946"/><sessioninfo id="Thomas-695eb06e" start="1590694498002" dump="1590694517639"/><sessioninfo id="Thomas-a28033fa" start="1590694535776" dump="1590694567562"/><sessioninfo id="Thomas-2fcbd1fc" start="1590694592025" dump="1590694611881"/><sessioninfo id="Thomas-195471a5" start="1590702248377" dump="1590702256285"/><sessioninfo id="Thomas-833f2e07" start="1590702343666" dump="1590702350696"/><sessioninfo id="Thomas-29aaea84" start="1590702376462" dump="1590702388809"/><sessioninfo id="Thomas-6e8b3f26" start="1590702443409" dump="1590702449004"/><sessioninfo id="Thomas-e585177c" start="1590702471658" dump="1590702618435"/><sessioninfo id="Thomas-c58a4f76" start="1590702633330" dump="1590702714228"/><sessioninfo id="Thomas-8e19545d" start="1590702730771" dump="1590702758918"/><sessioninfo id="Thomas-b49a5431" start="1590702778971" dump="1590702822093"/><sessioninfo id="Thomas-671a731e" start="1590702838589" dump="1590702852005"/><sessioninfo id="Thomas-fe0b889a" start="1590702867154" dump="1590702879864"/><sessioninfo id="Thomas-1b57302a" start="1590702939608" dump="1590703130670"/><sessioninfo id="Thomas-aae7e7df" start="1590706663127" dump="1590706690668"/><sessioninfo id="Thomas-997036f2" start="1590706898135" dump="1590706995035"/><sessioninfo id="Thomas-b2666a8d" start="1590707007823" dump="1590707056030"/><sessioninfo id="Thomas-66fcaf23" start="1590707062477" dump="1590707086141"/><sessioninfo id="Thomas-7221d655" start="1590717973304" dump="1590718130808"/><sessioninfo id="Thomas-3da6a506" start="1590718328667" dump="1590718372272"/><sessioninfo id="Thomas-1b558aca" start="1590718405001" dump="1590718406722"/><sessioninfo id="Thomas-487a4c23" start="1590718421242" dump="1590718422956"/><sessioninfo id="Thomas-3d4b00d7" start="1590718447737" dump="1590718522029"/><sessioninfo id="Thomas-a6d48790" start="1590718524401" dump="1590718574393"/><group name="P2"><group name="src"><package name="mdas/p2/gestorusuariomgr"><class name="mdas/p2/gestorusuariomgr/IUsuarioMgt" sourcefilename="IUsuarioMgt.java"/><class name="mdas/p2/gestorusuariomgr/EnviarMensajeConsola" sourcefilename="EnviarMensajeConsola.java"><method name="&lt;init&gt;" desc="()V" line="14"><counter type="INSTRUCTION" missed="0" covered="3"/><counter type="LINE" missed="0" covered="1"/><counter type="COMPLEXITY" missed="0" covered="1"/><counter type="METHOD" missed="0" covered="1"/></method><method name="enviarMensaje" desc="(Ljava/lang/String;Ljava/lang/String;)Z" line="27"><counter type="INSTRUCTION" missed="15" covered="0"/><counter type="LINE" missed="2" covered="0"/><counter type="COMPLEXITY" missed="1" covered="0"/><counter type="METHOD" missed="1" covered="0"/></method><counter type="INSTRUCTION" missed="15" covered="3"/><counter type="LINE" missed="2" covered="1"/><counter type="COMPLEXITY" missed="1" covered="1"/><counter type="METHOD" missed="1" covered="1"/><counter type="CLASS" missed="0" covered="1"/></class><class name="mdas/p2/gestorusuariomgr/Usuario" sourcefilename="Usuario.java"><method name="&lt;init&gt;" desc="(ILjava/lang/String;Ljava/lang/String;)V" line="28"><counter type="INSTRUCTION" missed="0" covered="12"/><counter type="LINE" missed="0" covered="5"/><counter type="COMPLEXITY" missed="0" covered="1"/><counter type="METHOD" missed="0" covered="1"/></method><method name="correo" desc="()Ljava/lang/String;" line="42"><counter type="INSTRUCTION" missed="0" covered="3"/><counter type="LINE" missed="0" covered="1"/><counter type="COMPLEXITY" missed="0" covered="1"/><counter type="METHOD" missed="0" covered="1"/></method><method name="correo" desc="(Ljava/lang/String;)V" line="53"><counter type="INSTRUCTION" missed="4" covered="0"/><counter type="LINE" missed="2" covered="0"/><counter type="COMPLEXITY" missed="1" covered="0"/><counter type="METHOD" missed="1" covered="0"/></method><method name="id" desc="()I" line="64"><counter type="INSTRUCTION" missed="0" covered="3"/><counter type="LINE" missed="0" covered="1"/><counter type="COMPLEXITY" missed="0" covered="1"/><counter type="METHOD" missed="0" covered="1"/></method><method name="nombre" desc="()Ljava/lang/String;" line="75"><counter type="INSTRUCTION" missed="0" covered="3"/><counter type="LINE" missed="0" covered="1"/><counter type="COMPLEXITY" missed="0" covered="1"/><counter type="METHOD" missed="0" covered="1"/></method><method name="nombre" desc="(Ljava/lang/String;)V" line="86"><counter type="INSTRUCTION" missed="4" covered="0"/><counter type="LINE" missed="2" covered="0"/><counter type="COMPLEXITY" missed="1" covered="0"/><counter type="METHOD" missed="1" covered="0"/></method><method name="toString" desc="()Ljava/lang/String;" line="98"><counter type="INSTRUCTION" missed="18" covered="0"/><counter type="LINE" missed="1" covered="0"/><counter type="COMPLEXITY" missed="1" covered="0"/><counter type="METHOD" missed="1" covered="0"/></method><counter type="INSTRUCTION" missed="26" covered="21"/><counter type="LINE" missed="5" covered="8"/><counter type="COMPLEXITY" missed="3" covered="4"/><counter type="METHOD" missed="3" covered="4"/><counter type="CLASS" missed="0" covered="1"/></class><class name="mdas/p2/gestorusuariomgr/UsuarioMgr" sourcefilename="UsuarioMgr.java"><method name="&lt;clinit&gt;" desc="()V" line="31"><counter type="INSTRUCTION" missed="0" covered="8"/><counter type="LINE" missed="0" covered="2"/><counter type="COMPLEXITY" missed="0" covered="1"/><counter type="METHOD" missed="0" covered="1"/></method><method name="&lt;init&gt;" desc="(Ljava/lang/String;)V" line="28"><counter type="INSTRUCTION" missed="0" covered="21"/><counter type="LINE" missed="0" covered="7"/><counter type="COMPLEXITY" missed="0" covered="1"/><counter type="METHOD" missed="0" covered="1"/></method><method name="getInstance" desc="(Ljava/lang/String;)Lmdas/p2/gestorusuariomgr/UsuarioMgr;" line="70"><counter type="INSTRUCTION" missed="0" covered="9"/><counter type="BRANCH" missed="0" covered="2"/><counter type="LINE" missed="0" covered="3"/><counter type="COMPLEXITY" missed="0" covered="2"/><counter type="METHOD" missed="0" covered="1"/></method><method name="buscarAlumno" desc="(I)Lmdas/p2/gestorusuariomgr/Alumno;" line="88"><counter type="INSTRUCTION" missed="2" covered="10"/><counter type="BRANCH" missed="1" covered="1"/><counter type="LINE" missed="1" covered="3"/><counter type="COMPLEXITY" missed="1" covered="1"/><counter type="METHOD" missed="0" covered="1"/></method><method name="buscarEmpleado" desc="(I)Lmdas/p2/gestorusuariomgr/Empleado;" line="109"><counter type="INSTRUCTION" missed="12" covered="0"/><counter type="BRANCH" missed="2" covered="0"/><counter type="LINE" missed="4" covered="0"/><counter type="COMPLEXITY" missed="2" covered="0"/><counter type="METHOD" missed="1" covered="0"/></method><method name="buscarUsuario" desc="(I)Lmdas/p2/gestorusuariomgr/Usuario;" line="129"><counter type="INSTRUCTION" missed="0" covered="23"/><counter type="BRANCH" missed="1" covered="3"/><counter type="LINE" missed="0" covered="6"/><counter type="COMPLEXITY" missed="1" covered="2"/><counter type="METHOD" missed="0" covered="1"/></method><method name="buscarUsuario" desc="(Ljava/lang/String;)Lmdas/p2/gestorusuariomgr/Usuario;" line="152"><counter type="INSTRUCTION" missed="0" covered="24"/><counter type="BRANCH" missed="1" covered="3"/><counter type="LINE" missed="0" covered="6"/><counter type="COMPLEXITY" missed="1" covered="2"/><counter type="METHOD" missed="0" covered="1"/></method><method name="cargar" desc="()Z" line="180"><counter type="INSTRUCTION" missed="28" covered="91"/><counter type="BRANCH" missed="1" covered="7"/><counter type="LINE" missed="6" covered="12"/><counter type="COMPLEXITY" missed="1" covered="4"/><counter type="METHOD" missed="0" covered="1"/></method><method name="guardar" desc="()Z" line="230"><counter type="INSTRUCTION" missed="65" covered="0"/><counter type="BRANCH" missed="2" covered="0"/><counter type="LINE" missed="11" covered="0"/><counter type="COMPLEXITY" missed="2" covered="0"/><counter type="METHOD" missed="1" covered="0"/></method><method name="enviarNotificacion" desc="(ILjava/lang/String;)Z" line="266"><counter type="INSTRUCTION" missed="23" covered="0"/><counter type="BRANCH" missed="4" covered="0"/><counter type="LINE" missed="6" covered="0"/><counter type="COMPLEXITY" missed="3" covered="0"/><counter type="METHOD" missed="1" covered="0"/></method><method name="iniciarSesion" desc="()I" line="293"><counter type="INSTRUCTION" missed="2" covered="32"/><counter type="BRANCH" missed="2" covered="2"/><counter type="LINE" missed="1" covered="9"/><counter type="COMPLEXITY" missed="2" covered="1"/><counter type="METHOD" missed="0" covered="1"/></method><method name="mostrarMensaje" desc="(Ljava/lang/String;)V" line="333"><counter type="INSTRUCTION" missed="4" covered="0"/><counter type="LINE" missed="2" covered="0"/><counter type="COMPLEXITY" missed="1" covered="0"/><counter type="METHOD" missed="1" covered="0"/></method><method name="nombre" desc="(I)Ljava/lang/String;" line="347"><counter type="INSTRUCTION" missed="0" covered="24"/><counter type="BRANCH" missed="1" covered="3"/><counter type="LINE" missed="0" covered="6"/><counter type="COMPLEXITY" missed="1" covered="2"/><counter type="METHOD" missed="0" covered="1"/></method><counter type="INSTRUCTION" missed="136" covered="242"/><counter type="BRANCH" missed="15" covered="21"/><counter type="LINE" missed="31" covered="54"/><counter type="COMPLEXITY" missed="15" covered="16"/><counter type="METHOD" missed="4" covered="9"/><counter type="CLASS" missed="0" covered="1"/></class><class name="mdas/p2/gestorusuariomgr/EnviarMensaje" sourcefilename="EnviarMensaje.java"><method name="&lt;init&gt;" desc="()V" line="14"><counter type="INSTRUCTION" missed="0" covered="3"/><counter type="LINE" missed="0" covered="1"/><counter type="COMPLEXITY" missed="0" covered="1"/><counter type="METHOD" missed="0" covered="1"/></method><counter type="INSTRUCTION" missed="0" covered="3"/><counter type="LINE" missed="0" covered="1"/><counter type="COMPLEXITY" missed="0" covered="1"/><counter type="METHOD" missed="0" covered="1"/><counter type="CLASS" missed="0" covered="1"/></class><class name="mdas/p2/gestorusuariomgr/Alumno" sourcefilename="Alumno.java"><method name="&lt;init&gt;" desc="(ILjava/lang/String;Ljava/lang/String;)V" line="28"><counter type="INSTRUCTION" missed="0" covered="6"/><counter type="LINE" missed="0" covered="2"/><counter type="COMPLEXITY" missed="0" covered="1"/><counter type="METHOD" missed="0" covered="1"/></method><method name="toString" desc="()Ljava/lang/String;" line="40"><counter type="INSTRUCTION" missed="9" covered="0"/><counter type="LINE" missed="1" covered="0"/><counter type="COMPLEXITY" missed="1" covered="0"/><counter type="METHOD" missed="1" covered="0"/></method><counter type="INSTRUCTION" missed="9" covered="6"/><counter type="LINE" missed="1" covered="2"/><counter type="COMPLEXITY" missed="1" covered="1"/><counter type="METHOD" missed="1" covered="1"/><counter type="CLASS" missed="0" covered="1"/></class><class name="mdas/p2/gestorusuariomgr/EnviarMensajeEmail" sourcefilename="EnviarMensajeEmail.java"><method name="&lt;init&gt;" desc="()V" line="34"><counter type="INSTRUCTION" missed="12" covered="0"/><counter type="LINE" missed="5" covered="0"/><counter type="COMPLEXITY" missed="1" covered="0"/><counter type="METHOD" missed="1" covered="0"/></method><method name="enviarMensaje" desc="(Ljava/lang/String;Ljava/lang/String;)Z" line="54"><counter type="INSTRUCTION" missed="54" covered="0"/><counter type="LINE" missed="13" covered="0"/><counter type="COMPLEXITY" missed="1" covered="0"/><counter type="METHOD" missed="1" covered="0"/></method><counter type="INSTRUCTION" missed="66" covered="0"/><counter type="LINE" missed="18" covered="0"/><counter type="COMPLEXITY" missed="2" covered="0"/><counter type="METHOD" missed="2" covered="0"/><counter type="CLASS" missed="1" covered="0"/></class><class name="mdas/p2/gestorusuariomgr/Empleado" sourcefilename="Empleado.java"><method name="&lt;init&gt;" desc="(ILjava/lang/String;Ljava/lang/String;)V" line="25"><counter type="INSTRUCTION" missed="0" covered="6"/><counter type="LINE" missed="0" covered="2"/><counter type="COMPLEXITY" missed="0" covered="1"/><counter type="METHOD" missed="0" covered="1"/></method><method name="toString" desc="()Ljava/lang/String;" line="37"><counter type="INSTRUCTION" missed="9" covered="0"/><counter type="LINE" missed="1" covered="0"/><counter type="COMPLEXITY" missed="1" covered="0"/><counter type="METHOD" missed="1" covered="0"/></method><counter type="INSTRUCTION" missed="9" covered="6"/><counter type="LINE" missed="1" covered="2"/><counter type="COMPLEXITY" missed="1" covered="1"/><counter type="METHOD" missed="1" covered="1"/><counter type="CLASS" missed="0" covered="1"/></class><class name="mdas/p2/gestorusuariomgr/IEnviarMensaje" sourcefilename="IEnviarMensaje.java"/><sourcefile name="Usuario.java"><line nr="28" mi="0" ci="2" mb="0" cb="0"/><line nr="29" mi="0" ci="3" mb="0" cb="0"/><line nr="30" mi="0" ci="3" mb="0" cb="0"/><line nr="31" mi="0" ci="3" mb="0" cb="0"/><line nr="32" mi="0" ci="1" mb="0" cb="0"/><line nr="42" mi="0" ci="3" mb="0" cb="0"/><line nr="53" mi="3" ci="0" mb="0" cb="0"/><line nr="54" mi="1" ci="0" mb="0" cb="0"/><line nr="64" mi="0" ci="3" mb="0" cb="0"/><line nr="75" mi="0" ci="3" mb="0" cb="0"/><line nr="86" mi="3" ci="0" mb="0" cb="0"/><line nr="87" mi="1" ci="0" mb="0" cb="0"/><line nr="98" mi="18" ci="0" mb="0" cb="0"/><counter type="INSTRUCTION" missed="26" covered="21"/><counter type="LINE" missed="5" covered="8"/><counter type="COMPLEXITY" missed="3" covered="4"/><counter type="METHOD" missed="3" covered="4"/><counter type="CLASS" missed="0" covered="1"/></sourcefile><sourcefile name="Alumno.java"><line nr="28" mi="0" ci="5" mb="0" cb="0"/><line nr="29" mi="0" ci="1" mb="0" cb="0"/><line nr="40" mi="9" ci="0" mb="0" cb="0"/><counter type="INSTRUCTION" missed="9" covered="6"/><counter type="LINE" missed="1" covered="2"/><counter type="COMPLEXITY" missed="1" covered="1"/><counter type="METHOD" missed="1" covered="1"/><counter type="CLASS" missed="0" covered="1"/></sourcefile><sourcefile name="EnviarMensaje.java"><line nr="14" mi="0" ci="3" mb="0" cb="0"/><counter type="INSTRUCTION" missed="0" covered="3"/><counter type="LINE" missed="0" covered="1"/><counter type="COMPLEXITY" missed="0" covered="1"/><counter type="METHOD" missed="0" covered="1"/><counter type="CLASS" missed="0" covered="1"/></sourcefile><sourcefile name="EnviarMensajeConsola.java"><line nr="14" mi="0" ci="3" mb="0" cb="0"/><line nr="27" mi="13" ci="0" mb="0" cb="0"/><line nr="29" mi="2" ci="0" mb="0" cb="0"/><counter type="INSTRUCTION" missed="15" covered="3"/><counter type="LINE" missed="2" covered="1"/><counter type="COMPLEXITY" missed="1" covered="1"/><counter type="METHOD" missed="1" covered="1"/><counter type="CLASS" missed="0" covered="1"/></sourcefile><sourcefile name="EnviarMensajeEmail.java"><line nr="34" mi="2" ci="0" mb="0" cb="0"/><line nr="35" mi="3" ci="0" mb="0" cb="0"/><line nr="36" mi="3" ci="0" mb="0" cb="0"/><line nr="37" mi="3" ci="0" mb="0" cb="0"/><line nr="38" mi="1" ci="0" mb="0" cb="0"/><line nr="54" mi="2" ci="0" mb="0" cb="0"/><line nr="55" mi="3" ci="0" mb="0" cb="0"/><line nr="57" mi="6" ci="0" mb="0" cb="0"/><line nr="60" mi="5" ci="0" mb="0" cb="0"/><line nr="61" mi="7" ci="0" mb="0" cb="0"/><line nr="62" mi="7" ci="0" mb="0" cb="0"/><line nr="63" mi="4" ci="0" mb="0" cb="0"/><line nr="64" mi="3" ci="0" mb="0" cb="0"/><line nr="66" mi="2" ci="0" mb="0" cb="0"/><line nr="68" mi="2" ci="0" mb="0" cb="0"/><line nr="70" mi="1" ci="0" mb="0" cb="0"/><line nr="71" mi="10" ci="0" mb="0" cb="0"/><line nr="73" mi="2" ci="0" mb="0" cb="0"/><counter type="INSTRUCTION" missed="66" covered="0"/><counter type="LINE" missed="18" covered="0"/><counter type="COMPLEXITY" missed="2" covered="0"/><counter type="METHOD" missed="2" covered="0"/><counter type="CLASS" missed="1" covered="0"/></sourcefile><sourcefile name="IEnviarMensaje.java"/><sourcefile name="Empleado.java"><line nr="25" mi="0" ci="5" mb="0" cb="0"/><line nr="26" mi="0" ci="1" mb="0" cb="0"/><line nr="37" mi="9" ci="0" mb="0" cb="0"/><counter type="INSTRUCTION" missed="9" covered="6"/><counter type="LINE" missed="1" covered="2"/><counter type="COMPLEXITY" missed="1" covered="1"/><counter type="METHOD" missed="1" covered="1"/><counter type="CLASS" missed="0" covered="1"/></sourcefile><sourcefile name="UsuarioMgr.java"><line nr="28" mi="0" ci="3" mb="0" cb="0"/><line nr="31" mi="0" ci="5" mb="0" cb="0"/><line nr="32" mi="0" ci="3" mb="0" cb="0"/><line nr="45" mi="0" ci="2" mb="0" cb="0"/><line nr="46" mi="0" ci="2" mb="0" cb="0"/><line nr="48" mi="0" ci="5" mb="0" cb="0"/><line nr="54" mi="0" ci="5" mb="0" cb="0"/><line nr="57" mi="0" ci="3" mb="0" cb="0"/><line nr="58" mi="0" ci="1" mb="0" cb="0"/><line nr="70" mi="0" ci="2" mb="0" cb="2"/><line nr="71" mi="0" ci="5" mb="0" cb="0"/><line nr="74" mi="0" ci="2" mb="0" cb="0"/><line nr="88" mi="0" ci="4" mb="0" cb="0"/><line nr="90" mi="0" ci="3" mb="1" cb="1"/><line nr="91" mi="0" ci="3" mb="0" cb="0"/><line nr="94" mi="2" ci="0" mb="0" cb="0"/><line nr="109" mi="4" ci="0" mb="0" cb="0"/><line nr="111" mi="3" ci="0" mb="2" cb="0"/><line nr="112" mi="3" ci="0" mb="0" cb="0"/><line nr="115" mi="2" ci="0" mb="0" cb="0"/><line nr="129" mi="0" ci="2" mb="0" cb="0"/><line nr="131" mi="0" ci="12" mb="1" cb="1"/><line nr="132" mi="0" ci="4" mb="0" cb="2"/><line nr="133" mi="0" ci="2" mb="0" cb="0"/><line nr="135" mi="0" ci="1" mb="0" cb="0"/><line nr="139" mi="0" ci="2" mb="0" cb="0"/><line nr="152" mi="0" ci="2" mb="0" cb="0"/><line nr="154" mi="0" ci="12" mb="1" cb="1"/><line nr="155" mi="0" ci="5" mb="0" cb="2"/><line nr="156" mi="0" ci="2" mb="0" cb="0"/><line nr="157" mi="0" ci="1" mb="0" cb="0"/><line nr="161" mi="0" ci="2" mb="0" cb="0"/><line nr="180" mi="0" ci="11" mb="0" cb="0"/><line nr="182" mi="0" ci="6" mb="0" cb="2"/><line nr="183" mi="0" ci="6" mb="0" cb="0"/><line nr="185" mi="0" ci="4" mb="0" cb="0"/><line nr="187" mi="0" ci="4" mb="0" cb="2"/><line nr="188" mi="0" ci="5" mb="0" cb="0"/><line nr="191" mi="0" ci="6" mb="0" cb="2"/><line nr="192" mi="0" ci="20" mb="0" cb="0"/><line nr="193" mi="0" ci="1" mb="0" cb="0"/><line nr="195" mi="0" ci="20" mb="0" cb="0"/><line nr="199" mi="0" ci="2" mb="0" cb="0"/><line nr="201" mi="2" ci="6" mb="1" cb="1"/><line nr="203" mi="1" ci="0" mb="0" cb="0"/><line nr="204" mi="10" ci="0" mb="0" cb="0"/><line nr="206" mi="2" ci="0" mb="0" cb="0"/><line nr="208" mi="1" ci="0" mb="0" cb="0"/><line nr="209" mi="10" ci="0" mb="0" cb="0"/><line nr="211" mi="2" ci="0" mb="0" cb="0"/><line nr="230" mi="11" ci="0" mb="0" cb="0"/><line nr="232" mi="12" ci="0" mb="2" cb="0"/><line nr="233" mi="12" ci="0" mb="0" cb="0"/><line nr="236" mi="2" ci="0" mb="0" cb="0"/><line nr="238" mi="2" ci="0" mb="0" cb="0"/><line nr="240" mi="1" ci="0" mb="0" cb="0"/><line nr="241" mi="10" ci="0" mb="0" cb="0"/><line nr="243" mi="2" ci="0" mb="0" cb="0"/><line nr="245" mi="1" ci="0" mb="0" cb="0"/><line nr="246" mi="10" ci="0" mb="0" cb="0"/><line nr="248" mi="2" ci="0" mb="0" cb="0"/><line nr="266" mi="4" ci="0" mb="0" cb="0"/><line nr="268" mi="9" ci="0" mb="4" cb="0"/><line nr="269" mi="3" ci="0" mb="0" cb="0"/><line nr="271" mi="2" ci="0" mb="0" cb="0"/><line nr="274" mi="3" ci="0" mb="0" cb="0"/><line nr="276" mi="2" ci="0" mb="0" cb="0"/><line nr="293" mi="0" ci="3" mb="0" cb="0"/><line nr="294" mi="0" ci="3" mb="0" cb="0"/><line nr="296" mi="0" ci="3" mb="0" cb="0"/><line nr="297" mi="0" ci="3" mb="0" cb="0"/><line nr="299" mi="0" ci="3" mb="0" cb="0"/><line nr="300" mi="0" ci="3" mb="0" cb="0"/><line nr="310" mi="0" ci="4" mb="0" cb="0"/><line nr="312" mi="0" ci="7" mb="2" cb="2"/><line nr="313" mi="0" ci="3" mb="0" cb="0"/><line nr="316" mi="2" ci="0" mb="0" cb="0"/><line nr="333" mi="3" ci="0" mb="0" cb="0"/><line nr="334" mi="1" ci="0" mb="0" cb="0"/><line nr="347" mi="0" ci="2" mb="0" cb="0"/><line nr="349" mi="0" ci="12" mb="1" cb="1"/><line nr="350" mi="0" ci="4" mb="0" cb="2"/><line nr="351" mi="0" ci="3" mb="0" cb="0"/><line nr="353" mi="0" ci="1" mb="0" cb="0"/><line nr="357" mi="0" ci="2" mb="0" cb="0"/><counter type="INSTRUCTION" missed="136" covered="242"/><counter type="BRANCH" missed="15" covered="21"/><counter type="LINE" missed="31" covered="54"/><counter type="COMPLEXITY" missed="15" covered="16"/><counter type="METHOD" missed="4" covered="9"/><counter type="CLASS" missed="0" covered="1"/></sourcefile><sourcefile name="IUsuarioMgt.java"/><counter type="INSTRUCTION" missed="261" covered="281"/><counter type="BRANCH" missed="15" covered="21"/><counter type="LINE" missed="58" covered="68"/><counter type="COMPLEXITY" missed="23" covered="24"/><counter type="METHOD" missed="12" covered="17"/><counter type="CLASS" missed="1" covered="6"/></package><package name="mdas/p2/administradoralumnos"><class name="mdas/p2/administradoralumnos/AdministradorAlumnos" sourcefilename="AdministradorAlumnos.java"><method name="&lt;init&gt;" desc="(Ljava/lang/String;Ljava/lang/String;Ljava/lang/String;Ljava/lang/String;Ljava/lang/String;Ljava/lang/String;Ljava/lang/String;)V" line="40"><counter type="INSTRUCTION" missed="0" covered="16"/><counter type="LINE" missed="0" covered="4"/><counter type="COMPLEXITY" missed="0" covered="1"/><counter type="METHOD" missed="0" covered="1"/></method><method name="comprobarSancion" desc="(I)I" line="58"><counter type="INSTRUCTION" missed="0" covered="56"/><counter type="BRANCH" missed="1" covered="11"/><counter type="LINE" missed="0" covered="12"/><counter type="COMPLEXITY" missed="1" covered="6"/><counter type="METHOD" missed="0" covered="1"/></method><method name="describirSancion" desc="(I)Ljava/lang/String;" line="95"><counter type="INSTRUCTION" missed="3" covered="0"/><counter type="LINE" missed="1" covered="0"/><counter type="COMPLEXITY" missed="1" covered="0"/><counter type="METHOD" missed="1" covered="0"/></method><method name="notificarAlumnoSancionado" desc="(II)Ljava/lang/String;" line="111"><counter type="INSTRUCTION" missed="0" covered="28"/><counter type="LINE" missed="0" covered="2"/><counter type="COMPLEXITY" missed="0" covered="1"/><counter type="METHOD" missed="0" covered="1"/></method><counter type="INSTRUCTION" missed="3" covered="100"/><counter type="BRANCH" missed="1" covered="11"/><counter type="LINE" missed="1" covered="18"/><counter type="COMPLEXITY" missed="2" covered="8"/><counter type="METHOD" missed="1" covered="3"/><counter type="CLASS" missed="0" covered="1"/></class><class name="mdas/p2/administradoralumnos/IInformarAlumno" sourcefilename="IInformarAlumno.java"/><class name="mdas/p2/administradoralumnos/IComprobarSancion" sourcefilename="IComprobarSancion.java"/><sourcefile name="IInformarAlumno.java"/><sourcefile name="IComprobarSancion.java"/><sourcefile name="AdministradorAlumnos.java"><line nr="40" mi="0" ci="2" mb="0" cb="0"/><line nr="41" mi="0" ci="9" mb="0" cb="0"/><line nr="42" mi="0" ci="4" mb="0" cb="0"/><line nr="43" mi="0" ci="1" mb="0" cb="0"/><line nr="58" mi="0" ci="2" mb="0" cb="0"/><line nr="62" mi="0" ci="8" mb="1" cb="1"/><line nr="63" mi="0" ci="12" mb="0" cb="2"/><line nr="64" mi="0" ci="5" mb="0" cb="0"/><line nr="66" mi="0" ci="2" mb="0" cb="2"/><line nr="67" mi="0" ci="12" mb="0" cb="2"/><line nr="68" mi="0" ci="5" mb="0" cb="0"/><line nr="70" mi="0" ci="3" mb="0" cb="2"/><line nr="71" mi="0" ci="1" mb="0" cb="0"/><line nr="75" mi="0" ci="3" mb="0" cb="2"/><line nr="76" mi="0" ci="1" mb="0" cb="0"/><line nr="82" mi="0" ci="2" mb="0" cb="0"/><line nr="95" mi="3" ci="0" mb="0" cb="0"/><line nr="111" mi="0" ci="5" mb="0" cb="0"/><line nr="113" mi="0" ci="23" mb="0" cb="0"/><counter type="INSTRUCTION" missed="3" covered="100"/><counter type="BRANCH" missed="1" covered="11"/><counter type="LINE" missed="1" covered="18"/><counter type="COMPLEXITY" missed="2" covered="8"/><counter type="METHOD" missed="1" covered="3"/><counter type="CLASS" missed="0" covered="1"/></sourcefile><counter type="INSTRUCTION" missed="3" covered="100"/><counter type="BRANCH" missed="1" covered="11"/><counter type="LINE" missed="1" covered="18"/><counter type="COMPLEXITY" missed="2" covered="8"/><counter type="METHOD" missed="1" covered="3"/><counter type="CLASS" missed="0" covered="1"/></package><package name="mdas/p2/gestorsalas"><class name="mdas/p2/gestorsalas/GestorSalas" sourcefilename="GestorSalas.java"><method name="&lt;init&gt;" desc="(Ljava/lang/String;Ljava/lang/String;Ljava/lang/String;Ljava/lang/String;Ljava/lang/String;Ljava/lang/String;)V" line="35"><counter type="INSTRUCTION" missed="0" covered="12"/><counter type="LINE" missed="0" covered="3"/><counter type="COMPLEXITY" missed="0" covered="1"/><counter type="METHOD" missed="0" covered="1"/></method><method name="buscarReservas" desc="(IZ)Ljava/util/ArrayList;" line="52"><counter type="INSTRUCTION" missed="0" covered="6"/><counter type="LINE" missed="0" covered="1"/><counter type="COMPLEXITY" missed="0" covered="1"/><counter type="METHOD" missed="0" covered="1"/></method><method name="confirmarReserva" desc="(I)Ljava/lang/Boolean;" line="65"><counter type="INSTRUCTION" missed="0" covered="6"/><counter type="LINE" missed="0" covered="1"/><counter type="COMPLEXITY" missed="0" covered="1"/><counter type="METHOD" missed="0" covered="1"/></method><method name="eliminarReserva" desc="(I)Ljava/lang/Boolean;" line="78"><counter type="INSTRUCTION" missed="0" covered="6"/><counter type="LINE" missed="0" covered="1"/><counter type="COMPLEXITY" missed="0" covered="1"/><counter type="METHOD" missed="0" covered="1"/></method><method name="buscarSala" desc="(ILjava/util/ArrayList;)Ljava/util/ArrayList;" line="93"><counter type="INSTRUCTION" missed="0" covered="6"/><counter type="LINE" missed="0" covered="1"/><counter type="COMPLEXITY" missed="0" covered="1"/><counter type="METHOD" missed="0" covered="1"/></method><method name="elegirSala" desc="(IILjava/lang/String;ILjava/time/LocalDateTime;Ljava/util/ArrayList;)I" line="108"><counter type="INSTRUCTION" missed="5" covered="52"/><counter type="BRANCH" missed="4" covered="6"/><counter type="LINE" missed="3" covered="9"/><counter type="COMPLEXITY" missed="4" covered="2"/><counter type="METHOD" missed="0" covered="1"/></method><method name="mostrarRecurso" desc="(I)Ljava/lang/String;" line="147"><counter type="INSTRUCTION" missed="0" covered="5"/><counter type="LINE" missed="0" covered="1"/><counter type="COMPLEXITY" missed="0" covered="1"/><counter type="METHOD" missed="0" covered="1"/></method><method name="mostrarTipoDeSala" desc="(I)Ljava/lang/String;" line="162"><counter type="INSTRUCTION" missed="3" covered="0"/><counter type="LINE" missed="1" covered="0"/><counter type="COMPLEXITY" missed="1" covered="0"/><counter type="METHOD" missed="1" covered="0"/></method><method name="mostrarReserva" desc="(I)Ljava/lang/String;" line="177"><counter type="INSTRUCTION" missed="0" covered="5"/><counter type="LINE" missed="0" covered="1"/><counter type="COMPLEXITY" missed="0" covered="1"/><counter type="METHOD" missed="0" covered="1"/></method><method name="obtenerReservas" desc="(Z)Ljava/util/ArrayList;" line="192"><counter type="INSTRUCTION" missed="5" covered="0"/><counter type="LINE" missed="1" covered="0"/><counter type="COMPLEXITY" missed="1" covered="0"/><counter type="METHOD" missed="1" covered="0"/></method><method name="obtenerRecursos" desc="()Ljava/util/ArrayList;" line="204"><counter type="INSTRUCTION" missed="0" covered="4"/><counter type="LINE" missed="0" covered="1"/><counter type="COMPLEXITY" missed="0" covered="1"/><counter type="METHOD" missed="0" covered="1"/></method><method name="obtenerTiposDeSala" desc="()Ljava/util/ArrayList;" line="216"><counter type="INSTRUCTION" missed="2" covered="0"/><counter type="LINE" missed="1" covered="0"/><counter type="COMPLEXITY" missed="1" covered="0"/><counter type="METHOD" missed="1" covered="0"/></method><method name="reanudarReserva" desc="(II)I" line="232"><counter type="INSTRUCTION" missed="0" covered="6"/><counter type="LINE" missed="0" covered="1"/><counter type="COMPLEXITY" missed="0" covered="1"/><counter type="METHOD" missed="0" covered="1"/></method><method name="suspenderReserva" desc="(II)I" line="248"><counter type="INSTRUCTION" missed="0" covered="6"/><counter type="LINE" missed="0" covered="1"/><counter type="COMPLEXITY" missed="0" covered="1"/><counter type="METHOD" missed="0" covered="1"/></method><method name="validarDatos" desc="(Ljava/lang/String;IILjava/lang/String;Ljava/util/ArrayList;)I" line="266"><counter type="INSTRUCTION" missed="31" covered="0"/><counter type="BRANCH" missed="6" covered="0"/><counter type="LINE" missed="6" covered="0"/><counter type="COMPLEXITY" missed="4" covered="0"/><counter type="METHOD" missed="1" covered="0"/></method><counter type="INSTRUCTION" missed="46" covered="114"/><counter type="BRANCH" missed="10" covered="6"/><counter type="LINE" missed="12" covered="21"/><counter type="COMPLEXITY" missed="11" covered="12"/><counter type="METHOD" missed="4" covered="11"/><counter type="CLASS" missed="0" covered="1"/></class><class name="mdas/p2/gestorsalas/ISala" sourcefilename="ISala.java"/><class name="mdas/p2/gestorsalas/IReserva" sourcefilename="IReserva.java"/><sourcefile name="GestorSalas.java"><line nr="35" mi="0" ci="2" mb="0" cb="0"/><line nr="36" mi="0" ci="9" mb="0" cb="0"/><line nr="37" mi="0" ci="1" mb="0" cb="0"/><line nr="52" mi="0" ci="6" mb="0" cb="0"/><line nr="65" mi="0" ci="6" mb="0" cb="0"/><line nr="78" mi="0" ci="6" mb="0" cb="0"/><line nr="93" mi="0" ci="6" mb="0" cb="0"/><line nr="108" mi="0" ci="2" mb="0" cb="0"/><line nr="110" mi="0" ci="2" mb="0" cb="0"/><line nr="112" mi="0" ci="12" mb="0" cb="2"/><line nr="113" mi="0" ci="8" mb="1" cb="1"/><line nr="114" mi="2" ci="0" mb="0" cb="0"/><line nr="116" mi="1" ci="0" mb="0" cb="0"/><line nr="120" mi="0" ci="11" mb="2" cb="2"/><line nr="121" mi="0" ci="2" mb="0" cb="0"/><line nr="123" mi="0" ci="2" mb="0" cb="0"/><line nr="127" mi="0" ci="3" mb="1" cb="1"/><line nr="128" mi="0" ci="10" mb="0" cb="0"/><line nr="131" mi="2" ci="0" mb="0" cb="0"/><line nr="147" mi="0" ci="5" mb="0" cb="0"/><line nr="162" mi="3" ci="0" mb="0" cb="0"/><line nr="177" mi="0" ci="5" mb="0" cb="0"/><line nr="192" mi="5" ci="0" mb="0" cb="0"/><line nr="204" mi="0" ci="4" mb="0" cb="0"/><line nr="216" mi="2" ci="0" mb="0" cb="0"/><line nr="232" mi="0" ci="6" mb="0" cb="0"/><line nr="248" mi="0" ci="6" mb="0" cb="0"/><line nr="266" mi="3" ci="0" mb="2" cb="0"/><line nr="267" mi="2" ci="0" mb="0" cb="0"/><line nr="270" mi="12" ci="0" mb="2" cb="0"/><line nr="271" mi="3" ci="0" mb="2" cb="0"/><line nr="272" mi="9" ci="0" mb="0" cb="0"/><line nr="275" mi="2" ci="0" mb="0" cb="0"/><counter type="INSTRUCTION" missed="46" covered="114"/><counter type="BRANCH" missed="10" covered="6"/><counter type="LINE" missed="12" covered="21"/><counter type="COMPLEXITY" missed="11" covered="12"/><counter type="METHOD" missed="4" covered="11"/><counter type="CLASS" missed="0" covered="1"/></sourcefile><sourcefile name="IReserva.java"/><sourcefile name="ISala.java"/><counter type="INSTRUCTION" missed="46" covered="114"/><counter type="BRANCH" missed="10" covered="6"/><counter type="LINE" missed="12" covered="21"/><counter type="COMPLEXITY" missed="11" covered="12"/><counter type="METHOD" missed="4" covered="11"/><counter type="CLASS" missed="0" covered="1"/></package><package name="mdas/p2/main"><class name="mdas/p2/main/MenuPrincipal" sourcefilename="MenuPrincipal.java"><method name="&lt;clinit&gt;" desc="()V" line="28"><counter type="INSTRUCTION" missed="0" covered="144"/><counter type="LINE" missed="0" covered="11"/><counter type="COMPLEXITY" missed="0" covered="1"/><counter type="METHOD" missed="0" covered="1"/></method><method name="&lt;init&gt;" desc="()V" line="27"><counter type="INSTRUCTION" missed="3" covered="0"/><counter type="LINE" missed="1" covered="0"/><counter type="COMPLEXITY" missed="1" covered="0"/><counter type="METHOD" missed="1" covered="0"/></method><method name="darDeAltaSala" desc="()Z" line="50"><counter type="INSTRUCTION" missed="151" covered="0"/><counter type="BRANCH" missed="12" covered="0"/><counter type="LINE" missed="45" covered="0"/><counter type="COMPLEXITY" missed="7" covered="0"/><counter type="METHOD" missed="1" covered="0"/></method><method name="iniciarSesion" desc="()I" line="148"><counter type="INSTRUCTION" missed="12" covered="17"/><counter type="BRANCH" missed="2" covered="2"/><counter type="LINE" missed="3" covered="4"/><counter type="COMPLEXITY" missed="2" covered="1"/><counter type="METHOD" missed="0" covered="1"/></method><method name="main" desc="([Ljava/lang/String;)V" line="169"><counter type="INSTRUCTION" missed="24" covered="82"/><counter type="BRANCH" missed="7" covered="9"/><counter type="LINE" missed="8" covered="23"/><counter type="COMPLEXITY" missed="7" covered="4"/><counter type="METHOD" missed="0" covered="1"/></method><method name="menu" desc="(I)Ljava/lang/String;" line="244"><counter type="INSTRUCTION" missed="33" covered="63"/><counter type="BRANCH" missed="5" covered="3"/><counter type="LINE" missed="9" covered="14"/><counter type="COMPLEXITY" missed="4" covered="1"/><counter type="METHOD" missed="0" covered="1"/></method><method name="modificarReserva" desc="(IZ)V" line="291"><counter type="INSTRUCTION" missed="35" covered="36"/><counter type="BRANCH" missed="4" covered="5"/><counter type="LINE" missed="8" covered="12"/><counter type="COMPLEXITY" missed="4" covered="2"/><counter type="METHOD" missed="0" covered="1"/></method><method name="seleccionarReserva" desc="(Ljava/util/ArrayList;)I" line="342"><counter type="INSTRUCTION" missed="5" covered="47"/><counter type="BRANCH" missed="1" covered="3"/><counter type="LINE" missed="3" covered="9"/><counter type="COMPLEXITY" missed="1" covered="2"/><counter type="METHOD" missed="0" covered="1"/></method><method name="reservar" desc="(I)Z" line="380"><counter type="INSTRUCTION" missed="54" covered="129"/><counter type="BRANCH" missed="6" covered="10"/><counter type="LINE" missed="14" covered="38"/><counter type="COMPLEXITY" missed="6" covered="3"/><counter type="METHOD" missed="0" covered="1"/></method><method name="seleccionarRecursos" desc="()Ljava/util/ArrayList;" line="497"><counter type="INSTRUCTION" missed="39" covered="79"/><counter type="BRANCH" missed="2" covered="8"/><counter type="LINE" missed="5" covered="16"/><counter type="COMPLEXITY" missed="2" covered="4"/><counter type="METHOD" missed="0" covered="1"/></method><counter type="INSTRUCTION" missed="356" covered="597"/><counter type="BRANCH" missed="39" covered="40"/><counter type="LINE" missed="96" covered="127"/><counter type="COMPLEXITY" missed="34" covered="18"/><counter type="METHOD" missed="2" covered="8"/><counter type="CLASS" missed="0" covered="1"/></class><sourcefile name="MenuPrincipal.java"><line nr="27" mi="3" ci="0" mb="0" cb="0"/><line nr="28" mi="0" ci="16" mb="0" cb="0"/><line nr="29" mi="0" ci="16" mb="0" cb="0"/><line nr="30" mi="0" ci="16" mb="0" cb="0"/><line nr="31" mi="0" ci="16" mb="0" cb="0"/><line nr="32" mi="0" ci="16" mb="0" cb="0"/><line nr="33" mi="0" ci="16" mb="0" cb="0"/><line nr="34" mi="0" ci="16" mb="0" cb="0"/><line nr="36" mi="0" ci="5" mb="0" cb="0"/><line nr="37" mi="0" ci="11" mb="0" cb="0"/><line nr="38" mi="0" ci="5" mb="0" cb="0"/><line nr="39" mi="0" ci="11" mb="0" cb="0"/><line nr="50" mi="2" ci="0" mb="0" cb="0"/><line nr="51" mi="2" ci="0" mb="0" cb="0"/><line nr="57" mi="3" ci="0" mb="0" cb="0"/><line nr="58" mi="3" ci="0" mb="0" cb="0"/><line nr="60" mi="3" ci="0" mb="0" cb="0"/><line nr="62" mi="3" ci="0" mb="0" cb="0"/><line nr="64" mi="2" ci="0" mb="0" cb="0"/><line nr="68" mi="3" ci="0" mb="0" cb="0"/><line nr="70" mi="3" ci="0" mb="0" cb="0"/><line nr="72" mi="2" ci="0" mb="2" cb="0"/><line nr="73" mi="2" ci="0" mb="0" cb="0"/><line nr="74" mi="1" ci="0" mb="0" cb="0"/><line nr="76" mi="5" ci="0" mb="0" cb="0"/><line nr="79" mi="1" ci="0" mb="0" cb="0"/><line nr="80" mi="3" ci="0" mb="0" cb="0"/><line nr="81" mi="3" ci="0" mb="0" cb="0"/><line nr="83" mi="3" ci="0" mb="0" cb="0"/><line nr="85" mi="2" ci="0" mb="2" cb="0"/><line nr="87" mi="3" ci="0" mb="0" cb="0"/><line nr="89" mi="3" ci="0" mb="0" cb="0"/><line nr="91" mi="12" ci="0" mb="2" cb="0"/><line nr="92" mi="5" ci="0" mb="0" cb="0"/><line nr="95" mi="2" ci="0" mb="0" cb="0"/><line nr="98" mi="3" ci="0" mb="0" cb="0"/><line nr="101" mi="3" ci="0" mb="0" cb="0"/><line nr="103" mi="5" ci="0" mb="2" cb="0"/><line nr="104" mi="2" ci="0" mb="0" cb="0"/><line nr="105" mi="1" ci="0" mb="0" cb="0"/><line nr="107" mi="11" ci="0" mb="0" cb="0"/><line nr="108" mi="3" ci="0" mb="0" cb="0"/><line nr="110" mi="1" ci="0" mb="0" cb="0"/><line nr="111" mi="1" ci="0" mb="0" cb="0"/><line nr="112" mi="12" ci="0" mb="0" cb="0"/><line nr="113" mi="3" ci="0" mb="0" cb="0"/><line nr="115" mi="3" ci="0" mb="0" cb="0"/><line nr="117" mi="2" ci="0" mb="2" cb="0"/><line nr="119" mi="3" ci="0" mb="0" cb="0"/><line nr="121" mi="3" ci="0" mb="0" cb="0"/><line nr="123" mi="3" ci="0" mb="0" cb="0"/><line nr="125" mi="2" ci="0" mb="0" cb="0"/><line nr="127" mi="9" ci="0" mb="2" cb="0"/><line nr="128" mi="3" ci="0" mb="0" cb="0"/><line nr="130" mi="2" ci="0" mb="0" cb="0"/><line nr="133" mi="3" ci="0" mb="0" cb="0"/><line nr="135" mi="2" ci="0" mb="0" cb="0"/><line nr="148" mi="0" ci="2" mb="0" cb="0"/><line nr="149" mi="0" ci="2" mb="0" cb="0"/><line nr="151" mi="0" ci="11" mb="2" cb="2"/><line nr="152" mi="3" ci="0" mb="0" cb="0"/><line nr="153" mi="3" ci="0" mb="0" cb="0"/><line nr="155" mi="6" ci="0" mb="0" cb="0"/><line nr="158" mi="0" ci="2" mb="0" cb="0"/><line nr="169" mi="0" ci="2" mb="0" cb="0"/><line nr="171" mi="0" ci="2" mb="0" cb="0"/><line nr="174" mi="0" ci="3" mb="0" cb="0"/><line nr="176" mi="0" ci="5" mb="1" cb="1"/><line nr="177" mi="2" ci="0" mb="0" cb="0"/><line nr="180" mi="0" ci="2" mb="1" cb="1"/><line nr="181" mi="0" ci="13" mb="0" cb="0"/><line nr="183" mi="0" ci="3" mb="0" cb="2"/><line nr="184" mi="0" ci="3" mb="0" cb="0"/><line nr="186" mi="0" ci="4" mb="0" cb="0"/><line nr="188" mi="0" ci="2" mb="1" cb="1"/><line nr="189" mi="0" ci="11" mb="0" cb="0"/><line nr="191" mi="0" ci="6" mb="0" cb="0"/><line nr="193" mi="0" ci="6" mb="1" cb="1"/><line nr="194" mi="0" ci="2" mb="3" cb="3"/><line nr="196" mi="2" ci="0" mb="0" cb="0"/><line nr="198" mi="1" ci="0" mb="0" cb="0"/><line nr="200" mi="3" ci="0" mb="0" cb="0"/><line nr="202" mi="1" ci="0" mb="0" cb="0"/><line nr="204" mi="0" ci="3" mb="0" cb="0"/><line nr="206" mi="0" ci="1" mb="0" cb="0"/><line nr="208" mi="0" ci="3" mb="0" cb="0"/><line nr="210" mi="0" ci="1" mb="0" cb="0"/><line nr="213" mi="0" ci="2" mb="0" cb="0"/><line nr="215" mi="0" ci="1" mb="0" cb="0"/><line nr="220" mi="1" ci="0" mb="0" cb="0"/><line nr="222" mi="11" ci="0" mb="0" cb="0"/><line nr="223" mi="3" ci="0" mb="0" cb="0"/><line nr="229" mi="0" ci="3" mb="0" cb="0"/><line nr="230" mi="0" ci="3" mb="0" cb="0"/><line nr="231" mi="0" ci="1" mb="0" cb="0"/><line nr="244" mi="0" ci="2" mb="0" cb="0"/><line nr="246" mi="0" ci="4" mb="1" cb="1"/><line nr="247" mi="0" ci="7" mb="1" cb="1"/><line nr="248" mi="0" ci="3" mb="0" cb="0"/><line nr="249" mi="0" ci="3" mb="0" cb="0"/><line nr="251" mi="0" ci="9" mb="0" cb="0"/><line nr="253" mi="0" ci="5" mb="1" cb="1"/><line nr="254" mi="0" ci="3" mb="0" cb="0"/><line nr="255" mi="0" ci="3" mb="0" cb="0"/><line nr="257" mi="0" ci="9" mb="0" cb="0"/><line nr="260" mi="0" ci="3" mb="0" cb="0"/><line nr="262" mi="0" ci="9" mb="0" cb="0"/><line nr="263" mi="0" ci="1" mb="0" cb="0"/><line nr="265" mi="6" ci="0" mb="0" cb="0"/><line nr="267" mi="1" ci="0" mb="0" cb="0"/><line nr="268" mi="4" ci="0" mb="2" cb="0"/><line nr="269" mi="3" ci="0" mb="0" cb="0"/><line nr="270" mi="3" ci="0" mb="0" cb="0"/><line nr="271" mi="3" ci="0" mb="0" cb="0"/><line nr="273" mi="9" ci="0" mb="0" cb="0"/><line nr="274" mi="1" ci="0" mb="0" cb="0"/><line nr="276" mi="3" ci="0" mb="0" cb="0"/><line nr="279" mi="0" ci="2" mb="0" cb="0"/><line nr="291" mi="0" ci="6" mb="0" cb="0"/><line nr="293" mi="0" ci="2" mb="1" cb="1"/><line nr="294" mi="0" ci="5" mb="2" cb="1"/><line nr="296" mi="0" ci="2" mb="1" cb="1"/><line nr="297" mi="0" ci="3" mb="0" cb="2"/><line nr="298" mi="0" ci="4" mb="0" cb="0"/><line nr="300" mi="0" ci="3" mb="0" cb="0"/><line nr="301" mi="0" ci="1" mb="0" cb="0"/><line nr="303" mi="0" ci="5" mb="0" cb="0"/><line nr="305" mi="0" ci="3" mb="0" cb="0"/><line nr="307" mi="0" ci="1" mb="0" cb="0"/><line nr="309" mi="4" ci="0" mb="0" cb="0"/><line nr="311" mi="3" ci="0" mb="0" cb="0"/><line nr="314" mi="1" ci="0" mb="0" cb="0"/><line nr="316" mi="11" ci="0" mb="0" cb="0"/><line nr="318" mi="1" ci="0" mb="0" cb="0"/><line nr="320" mi="11" ci="0" mb="0" cb="0"/><line nr="324" mi="1" ci="0" mb="0" cb="0"/><line nr="326" mi="3" ci="0" mb="0" cb="0"/><line nr="328" mi="0" ci="1" mb="0" cb="0"/><line nr="342" mi="0" ci="3" mb="0" cb="0"/><line nr="344" mi="0" ci="12" mb="0" cb="2"/><line nr="345" mi="0" ci="11" mb="0" cb="0"/><line nr="346" mi="0" ci="5" mb="0" cb="0"/><line nr="349" mi="0" ci="3" mb="0" cb="0"/><line nr="351" mi="0" ci="3" mb="0" cb="0"/><line nr="353" mi="0" ci="3" mb="0" cb="0"/><line nr="355" mi="0" ci="4" mb="1" cb="1"/><line nr="357" mi="0" ci="3" mb="0" cb="0"/><line nr="358" mi="1" ci="0" mb="0" cb="0"/><line nr="359" mi="2" ci="0" mb="0" cb="0"/><line nr="363" mi="2" ci="0" mb="0" cb="0"/><line nr="380" mi="0" ci="2" mb="0" cb="0"/><line nr="387" mi="0" ci="2" mb="0" cb="0"/><line nr="390" mi="0" ci="3" mb="0" cb="0"/><line nr="392" mi="0" ci="2" mb="0" cb="0"/><line nr="396" mi="0" ci="3" mb="0" cb="0"/><line nr="398" mi="0" ci="3" mb="0" cb="0"/><line nr="400" mi="0" ci="2" mb="1" cb="1"/><line nr="401" mi="0" ci="2" mb="0" cb="0"/><line nr="402" mi="0" ci="1" mb="0" cb="0"/><line nr="404" mi="5" ci="0" mb="0" cb="0"/><line nr="407" mi="1" ci="0" mb="0" cb="0"/><line nr="408" mi="3" ci="0" mb="0" cb="0"/><line nr="409" mi="3" ci="0" mb="0" cb="0"/><line nr="411" mi="3" ci="0" mb="0" cb="0"/><line nr="413" mi="0" ci="2" mb="1" cb="1"/><line nr="415" mi="0" ci="3" mb="0" cb="0"/><line nr="417" mi="0" ci="2" mb="0" cb="0"/><line nr="419" mi="0" ci="5" mb="0" cb="0"/><line nr="421" mi="0" ci="2" mb="0" cb="2"/><line nr="422" mi="0" ci="3" mb="0" cb="0"/><line nr="424" mi="0" ci="3" mb="0" cb="0"/><line nr="426" mi="0" ci="2" mb="0" cb="0"/><line nr="430" mi="0" ci="3" mb="0" cb="0"/><line nr="432" mi="0" ci="6" mb="0" cb="0"/><line nr="434" mi="0" ci="2" mb="0" cb="0"/><line nr="435" mi="0" ci="1" mb="0" cb="0"/><line nr="436" mi="1" ci="0" mb="0" cb="0"/><line nr="437" mi="3" ci="0" mb="0" cb="0"/><line nr="438" mi="3" ci="0" mb="0" cb="0"/><line nr="441" mi="0" ci="2" mb="0" cb="0"/><line nr="442" mi="0" ci="6" mb="2" cb="2"/><line nr="443" mi="3" ci="0" mb="0" cb="0"/><line nr="444" mi="3" ci="0" mb="0" cb="0"/><line nr="445" mi="19" ci="0" mb="0" cb="0"/><line nr="447" mi="2" ci="0" mb="0" cb="0"/><line nr="449" mi="0" ci="2" mb="1" cb="1"/><line nr="451" mi="0" ci="3" mb="0" cb="0"/><line nr="453" mi="0" ci="3" mb="0" cb="0"/><line nr="455" mi="0" ci="12" mb="1" cb="1"/><line nr="456" mi="0" ci="14" mb="0" cb="0"/><line nr="457" mi="0" ci="3" mb="0" cb="0"/><line nr="459" mi="0" ci="7" mb="0" cb="2"/><line nr="460" mi="0" ci="4" mb="0" cb="0"/><line nr="462" mi="0" ci="3" mb="0" cb="0"/><line nr="464" mi="0" ci="2" mb="0" cb="0"/><line nr="467" mi="0" ci="4" mb="0" cb="0"/><line nr="469" mi="0" ci="3" mb="0" cb="0"/><line nr="471" mi="0" ci="2" mb="0" cb="0"/><line nr="475" mi="3" ci="0" mb="0" cb="0"/><line nr="477" mi="2" ci="0" mb="0" cb="0"/><line nr="481" mi="0" ci="3" mb="0" cb="0"/><line nr="483" mi="0" ci="2" mb="0" cb="0"/><line nr="497" mi="0" ci="4" mb="0" cb="0"/><line nr="498" mi="0" ci="4" mb="0" cb="0"/><line nr="501" mi="0" ci="3" mb="0" cb="0"/><line nr="503" mi="0" ci="3" mb="0" cb="0"/><line nr="505" mi="0" ci="12" mb="0" cb="2"/><line nr="506" mi="0" ci="5" mb="0" cb="0"/><line nr="509" mi="0" ci="3" mb="0" cb="0"/><line nr="510" mi="0" ci="3" mb="0" cb="0"/><line nr="512" mi="0" ci="6" mb="0" cb="0"/><line nr="514" mi="0" ci="4" mb="0" cb="2"/><line nr="516" mi="0" ci="7" mb="0" cb="0"/><line nr="517" mi="1" ci="1" mb="0" cb="0"/><line nr="518" mi="12" ci="0" mb="0" cb="0"/><line nr="519" mi="3" ci="0" mb="0" cb="0"/><line nr="523" mi="0" ci="11" mb="0" cb="2"/><line nr="524" mi="0" ci="4" mb="1" cb="1"/><line nr="525" mi="11" ci="0" mb="0" cb="0"/><line nr="527" mi="4" ci="0" mb="0" cb="0"/><line nr="531" mi="4" ci="7" mb="1" cb="1"/><line nr="532" mi="4" ci="0" mb="0" cb="0"/><line nr="535" mi="0" ci="2" mb="0" cb="0"/><counter type="INSTRUCTION" missed="356" covered="597"/><counter type="BRANCH" missed="39" covered="40"/><counter type="LINE" missed="96" covered="127"/><counter type="COMPLEXITY" missed="34" covered="18"/><counter type="METHOD" missed="2" covered="8"/><counter type="CLASS" missed="0" covered="1"/></sourcefile><counter type="INSTRUCTION" missed="356" covered="597"/><counter type="BRANCH" missed="39" covered="40"/><counter type="LINE" missed="96" covered="127"/><counter type="COMPLEXITY" missed="34" covered="18"/><counter type="METHOD" missed="2" covered="8"/><counter type="CLASS" missed="0" covered="1"/></package><package name="mdas/p2/gestorreservamgr"><class name="mdas/p2/gestorreservamgr/SalaYRecurso" sourcefilename="SalaYRecurso.java"><method name="&lt;init&gt;" desc="(II)V" line="25"><counter type="INSTRUCTION" missed="0" covered="9"/><counter type="LINE" missed="0" covered="4"/><counter type="COMPLEXITY" missed="0" covered="1"/><counter type="METHOD" missed="0" covered="1"/></method><method name="idRecurso" desc="()I" line="38"><counter type="INSTRUCTION" missed="0" covered="3"/><counter type="LINE" missed="0" covered="1"/><counter type="COMPLEXITY" missed="0" covered="1"/><counter type="METHOD" missed="0" covered="1"/></method><method name="idSala" desc="()I" line="49"><counter type="INSTRUCTION" missed="0" covered="3"/><counter type="LINE" missed="0" covered="1"/><counter type="COMPLEXITY" missed="0" covered="1"/><counter type="METHOD" missed="0" covered="1"/></method><method name="toString" desc="()Ljava/lang/String;" line="61"><counter type="INSTRUCTION" missed="0" covered="13"/><counter type="LINE" missed="0" covered="1"/><counter type="COMPLEXITY" missed="0" covered="1"/><counter type="METHOD" missed="0" covered="1"/></method><counter type="INSTRUCTION" missed="0" covered="28"/><counter type="LINE" missed="0" covered="7"/><counter type="COMPLEXITY" missed="0" covered="4"/><counter type="METHOD" missed="0" covered="4"/><counter type="CLASS" missed="0" covered="1"/></class><class name="mdas/p2/gestorreservamgr/Incidencia" sourcefilename="Incidencia.java"><method name="&lt;init&gt;" desc="(IILjava/lang/String;Lmdas/p2/gestorreservamgr/TipoIncidencia;)V" line="33"><counter type="INSTRUCTION" missed="0" covered="15"/><counter type="LINE" missed="0" covered="6"/><counter type="COMPLEXITY" missed="0" covered="1"/><counter type="METHOD" missed="0" covered="1"/></method><method name="id" desc="()I" line="48"><counter type="INSTRUCTION" missed="0" covered="3"/><counter type="LINE" missed="0" covered="1"/><counter type="COMPLEXITY" missed="0" covered="1"/><counter type="METHOD" missed="0" covered="1"/></method><method name="idReserva" desc="()I" line="59"><counter type="INSTRUCTION" missed="0" covered="3"/><counter type="LINE" missed="0" covered="1"/><counter type="COMPLEXITY" missed="0" covered="1"/><counter type="METHOD" missed="0" covered="1"/></method><method name="descripcion" desc="()Ljava/lang/String;" line="70"><counter type="INSTRUCTION" missed="3" covered="0"/><counter type="LINE" missed="1" covered="0"/><counter type="COMPLEXITY" missed="1" covered="0"/><counter type="METHOD" missed="1" covered="0"/></method><method name="tipo" desc="()Lmdas/p2/gestorreservamgr/TipoIncidencia;" line="81"><counter type="INSTRUCTION" missed="3" covered="0"/><counter type="LINE" missed="1" covered="0"/><counter type="COMPLEXITY" missed="1" covered="0"/><counter type="METHOD" missed="1" covered="0"/></method><method name="toString" desc="()Ljava/lang/String;" line="93"><counter type="INSTRUCTION" missed="0" covered="24"/><counter type="LINE" missed="0" covered="1"/><counter type="COMPLEXITY" missed="0" covered="1"/><counter type="METHOD" missed="0" covered="1"/></method><counter type="INSTRUCTION" missed="6" covered="45"/><counter type="LINE" missed="2" covered="9"/><counter type="COMPLEXITY" missed="2" covered="4"/><counter type="METHOD" missed="2" covered="4"/><counter type="CLASS" missed="0" covered="1"/></class><class name="mdas/p2/gestorreservamgr/Recurso" sourcefilename="Recurso.java"><method name="&lt;init&gt;" desc="(ILjava/lang/String;Ljava/lang/String;)V" line="28"><counter type="INSTRUCTION" missed="0" covered="12"/><counter type="LINE" missed="0" covered="5"/><counter type="COMPLEXITY" missed="0" covered="1"/><counter type="METHOD" missed="0" covered="1"/></method><method name="id" desc="()I" line="42"><counter type="INSTRUCTION" missed="0" covered="3"/><counter type="LINE" missed="0" covered="1"/><counter type="COMPLEXITY" missed="0" covered="1"/><counter type="METHOD" missed="0" covered="1"/></method><method name="descripcion" desc="()Ljava/lang/String;" line="53"><counter type="INSTRUCTION" missed="0" covered="3"/><counter type="LINE" missed="0" covered="1"/><counter type="COMPLEXITY" missed="0" covered="1"/><counter type="METHOD" missed="0" covered="1"/></method><method name="nombre" desc="()Ljava/lang/String;" line="64"><counter type="INSTRUCTION" missed="0" covered="3"/><counter type="LINE" missed="0" covered="1"/><counter type="COMPLEXITY" missed="0" covered="1"/><counter type="METHOD" missed="0" covered="1"/></method><method name="toString" desc="()Ljava/lang/String;" line="76"><counter type="INSTRUCTION" missed="0" covered="18"/><counter type="LINE" missed="0" covered="1"/><counter type="COMPLEXITY" missed="0" covered="1"/><counter type="METHOD" missed="0" covered="1"/></method><counter type="INSTRUCTION" missed="0" covered="39"/><counter type="LINE" missed="0" covered="9"/><counter type="COMPLEXITY" missed="0" covered="5"/><counter type="METHOD" missed="0" covered="5"/><counter type="CLASS" missed="0" covered="1"/></class><class name="mdas/p2/gestorreservamgr/Sala" sourcefilename="Sala.java"><method name="&lt;init&gt;" desc="(IILjava/lang/String;Lmdas/p2/gestorreservamgr/TipoSala;Ljava/lang/String;)V" line="35"><counter type="INSTRUCTION" missed="0" covered="18"/><counter type="LINE" missed="0" covered="7"/><counter type="COMPLEXITY" missed="0" covered="1"/><counter type="METHOD" missed="0" covered="1"/></method><method name="aforo" desc="()I" line="51"><counter type="INSTRUCTION" missed="0" covered="3"/><counter type="LINE" missed="0" covered="1"/><counter type="COMPLEXITY" missed="0" covered="1"/><counter type="METHOD" missed="0" covered="1"/></method><method name="id" desc="()I" line="62"><counter type="INSTRUCTION" missed="0" covered="3"/><counter type="LINE" missed="0" covered="1"/><counter type="COMPLEXITY" missed="0" covered="1"/><counter type="METHOD" missed="0" covered="1"/></method><method name="nombre" desc="()Ljava/lang/String;" line="73"><counter type="INSTRUCTION" missed="0" covered="3"/><counter type="LINE" missed="0" covered="1"/><counter type="COMPLEXITY" missed="0" covered="1"/><counter type="METHOD" missed="0" covered="1"/></method><method name="tipo" desc="()Lmdas/p2/gestorreservamgr/TipoSala;" line="86"><counter type="INSTRUCTION" missed="3" covered="0"/><counter type="LINE" missed="1" covered="0"/><counter type="COMPLEXITY" missed="1" covered="0"/><counter type="METHOD" missed="1" covered="0"/></method><method name="ubicacion" desc="()Ljava/lang/String;" line="97"><counter type="INSTRUCTION" missed="0" covered="3"/><counter type="LINE" missed="0" covered="1"/><counter type="COMPLEXITY" missed="0" covered="1"/><counter type="METHOD" missed="0" covered="1"/></method><method name="toString" desc="()Ljava/lang/String;" line="109"><counter type="INSTRUCTION" missed="0" covered="29"/><counter type="LINE" missed="0" covered="1"/><counter type="COMPLEXITY" missed="0" covered="1"/><counter type="METHOD" missed="0" covered="1"/></method><counter type="INSTRUCTION" missed="3" covered="59"/><counter type="LINE" missed="1" covered="12"/><counter type="COMPLEXITY" missed="1" covered="6"/><counter type="METHOD" missed="1" covered="6"/><counter type="CLASS" missed="0" covered="1"/></class><class name="mdas/p2/gestorreservamgr/TipoIncidencia" sourcefilename="TipoIncidencia.java"><method name="&lt;clinit&gt;" desc="()V" line="13"><counter type="INSTRUCTION" missed="0" covered="64"/><counter type="LINE" missed="0" covered="6"/><counter type="COMPLEXITY" missed="0" covered="1"/><counter type="METHOD" missed="0" covered="1"/></method><method name="&lt;init&gt;" desc="(Ljava/lang/String;IILjava/lang/String;)V" line="33"><counter type="INSTRUCTION" missed="0" covered="11"/><counter type="LINE" missed="0" covered="4"/><counter type="COMPLEXITY" missed="0" covered="1"/><counter type="METHOD" missed="0" covered="1"/></method><method name="id" desc="()I" line="46"><counter type="INSTRUCTION" missed="0" covered="3"/><counter type="LINE" missed="0" covered="1"/><counter type="COMPLEXITY" missed="0" covered="1"/><counter type="METHOD" missed="0" covered="1"/></method><method name="descripcion" desc="()Ljava/lang/String;" line="57"><counter type="INSTRUCTION" missed="3" covered="0"/><counter type="LINE" missed="1" covered="0"/><counter type="COMPLEXITY" missed="1" covered="0"/><counter type="METHOD" missed="1" covered="0"/></method><counter type="INSTRUCTION" missed="3" covered="78"/><counter type="LINE" missed="1" covered="11"/><counter type="COMPLEXITY" missed="1" covered="3"/><counter type="METHOD" missed="1" covered="3"/><counter type="CLASS" missed="0" covered="1"/></class><class name="mdas/p2/gestorreservamgr/IReservaMgt" sourcefilename="IReservaMgt.java"><method name="describirSancion" desc="(I)Ljava/lang/String;" line="56"><counter type="INSTRUCTION" missed="64" covered="0"/><counter type="LINE" missed="12" covered="0"/><counter type="COMPLEXITY" missed="1" covered="0"/><counter type="METHOD" missed="1" covered="0"/></method><method name="mostrarTipoDeSala" desc="(I)Ljava/lang/String;" line="87"><counter type="INSTRUCTION" missed="38" covered="0"/><counter type="BRANCH" missed="4" covered="0"/><counter type="LINE" missed="6" covered="0"/><counter type="COMPLEXITY" missed="3" covered="0"/><counter type="METHOD" missed="1" covered="0"/></method><method name="obtenerTiposDeIncidencia" desc="()Ljava/util/ArrayList;" line="109"><counter type="INSTRUCTION" missed="28" covered="0"/><counter type="BRANCH" missed="2" covered="0"/><counter type="LINE" missed="4" covered="0"/><counter type="COMPLEXITY" missed="2" covered="0"/><counter type="METHOD" missed="1" covered="0"/></method><method name="obtenerTiposDeSala" desc="()Ljava/util/ArrayList;" line="127"><counter type="INSTRUCTION" missed="28" covered="0"/><counter type="BRANCH" missed="2" covered="0"/><counter type="LINE" missed="4" covered="0"/><counter type="COMPLEXITY" missed="2" covered="0"/><counter type="METHOD" missed="1" covered="0"/></method><counter type="INSTRUCTION" missed="158" covered="0"/><counter type="BRANCH" missed="8" covered="0"/><counter type="LINE" missed="26" covered="0"/><counter type="COMPLEXITY" missed="8" covered="0"/><counter type="METHOD" missed="4" covered="0"/><counter type="CLASS" missed="1" covered="0"/></class><class name="mdas/p2/gestorreservamgr/ReservaMgr" sourcefilename="ReservaMgr.java"><method name="&lt;clinit&gt;" desc="()V" line="43"><counter type="INSTRUCTION" missed="0" covered="3"/><counter type="LINE" missed="0" covered="1"/><counter type="COMPLEXITY" missed="0" covered="1"/><counter type="METHOD" missed="0" covered="1"/></method><method name="&lt;init&gt;" desc="(Ljava/lang/String;Ljava/lang/String;Ljava/lang/String;Ljava/lang/String;Ljava/lang/String;Ljava/lang/String;)V" line="65"><counter type="INSTRUCTION" missed="0" covered="48"/><counter type="LINE" missed="0" covered="15"/><counter type="COMPLEXITY" missed="0" covered="1"/><counter type="METHOD" missed="0" covered="1"/></method><method name="getInstance" desc="(Ljava/lang/String;Ljava/lang/String;Ljava/lang/String;Ljava/lang/String;Ljava/lang/String;Ljava/lang/String;)Lmdas/p2/gestorreservamgr/ReservaMgr;" line="98"><counter type="INSTRUCTION" missed="0" covered="14"/><counter type="BRANCH" missed="0" covered="2"/><counter type="LINE" missed="0" covered="3"/><counter type="COMPLEXITY" missed="0" covered="2"/><counter type="METHOD" missed="0" covered="1"/></method><method name="buscarIncidencias" desc="(I)Ljava/util/ArrayList;" line="117"><counter type="INSTRUCTION" missed="0" covered="33"/><counter type="BRANCH" missed="0" covered="6"/><counter type="LINE" missed="0" covered="7"/><counter type="COMPLEXITY" missed="0" covered="4"/><counter type="METHOD" missed="0" covered="1"/></method><method name="buscarRecurso" desc="(I)I" line="144"><counter type="INSTRUCTION" missed="0" covered="26"/><counter type="BRANCH" missed="1" covered="3"/><counter type="LINE" missed="0" covered="7"/><counter type="COMPLEXITY" missed="1" covered="2"/><counter type="METHOD" missed="0" covered="1"/></method><method name="buscarReserva" desc="(IZ)I" line="171"><counter type="INSTRUCTION" missed="0" covered="36"/><counter type="BRANCH" missed="2" covered="6"/><counter type="LINE" missed="0" covered="9"/><counter type="COMPLEXITY" missed="2" covered="3"/><counter type="METHOD" missed="0" covered="1"/></method><method name="buscarReservas" desc="(IZ)Ljava/util/ArrayList;" line="203"><counter type="INSTRUCTION" missed="2" covered="37"/><counter type="BRANCH" missed="2" covered="8"/><counter type="LINE" missed="1" covered="6"/><counter type="COMPLEXITY" missed="2" covered="4"/><counter type="METHOD" missed="0" covered="1"/></method><method name="buscarSala" desc="(I)I" line="230"><counter type="INSTRUCTION" missed="0" covered="26"/><counter type="BRANCH" missed="1" covered="3"/><counter type="LINE" missed="0" covered="7"/><counter type="COMPLEXITY" missed="1" covered="2"/><counter type="METHOD" missed="0" covered="1"/></method><method name="buscarSala" desc="(ILjava/util/ArrayList;)Ljava/util/ArrayList;" line="258"><counter type="INSTRUCTION" missed="0" covered="63"/><counter type="BRANCH" missed="0" covered="14"/><counter type="LINE" missed="0" covered="12"/><counter type="COMPLEXITY" missed="0" covered="8"/><counter type="METHOD" missed="0" covered="1"/></method><method name="buscarSancion" desc="(I)I" line="295"><counter type="INSTRUCTION" missed="3" covered="34"/><counter type="BRANCH" missed="4" covered="4"/><counter type="LINE" missed="1" covered="7"/><counter type="COMPLEXITY" missed="4" covered="1"/><counter type="METHOD" missed="0" covered="1"/></method><method name="buscarTipoIncidencia" desc="(I)Lmdas/p2/gestorreservamgr/TipoIncidencia;" line="323"><counter type="INSTRUCTION" missed="0" covered="27"/><counter type="BRANCH" missed="1" covered="3"/><counter type="LINE" missed="0" covered="6"/><counter type="COMPLEXITY" missed="1" covered="2"/><counter type="METHOD" missed="0" covered="1"/></method><method name="buscarTipoSala" desc="(I)Lmdas/p2/gestorreservamgr/TipoSala;" line="346"><counter type="INSTRUCTION" missed="0" covered="27"/><counter type="BRANCH" missed="1" covered="3"/><counter type="LINE" missed="0" covered="6"/><counter type="COMPLEXITY" missed="1" covered="2"/><counter type="METHOD" missed="0" covered="1"/></method><method name="cargar" desc="()Z" line="374"><counter type="INSTRUCTION" missed="28" covered="295"/><counter type="BRANCH" missed="2" covered="18"/><counter type="LINE" missed="6" covered="35"/><counter type="COMPLEXITY" missed="2" covered="14"/><counter type="METHOD" missed="0" covered="1"/></method><method name="confirmarReserva" desc="(I)Z" line="474"><counter type="INSTRUCTION" missed="2" covered="20"/><counter type="BRANCH" missed="1" covered="1"/><counter type="LINE" missed="1" covered="5"/><counter type="COMPLEXITY" missed="1" covered="1"/><counter type="METHOD" missed="0" covered="1"/></method><method name="eliminarReserva" desc="(I)Z" line="500"><counter type="INSTRUCTION" missed="2" covered="18"/><counter type="BRANCH" missed="1" covered="1"/><counter type="LINE" missed="1" covered="5"/><counter type="COMPLEXITY" missed="1" covered="1"/><counter type="METHOD" missed="0" covered="1"/></method><method name="guardar" desc="()Z" line="533"><counter type="INSTRUCTION" missed="26" covered="216"/><counter type="BRANCH" missed="1" covered="22"/><counter type="LINE" missed="6" covered="33"/><counter type="COMPLEXITY" missed="1" covered="14"/><counter type="METHOD" missed="0" covered="1"/></method><method name="mostrarRecurso" desc="(I)Ljava/lang/String;" line="625"><counter type="INSTRUCTION" missed="2" covered="35"/><counter type="BRANCH" missed="1" covered="1"/><counter type="LINE" missed="1" covered="5"/><counter type="COMPLEXITY" missed="1" covered="1"/><counter type="METHOD" missed="0" covered="1"/></method><method name="mostrarReserva" desc="(I)Ljava/lang/String;" line="653"><counter type="INSTRUCTION" missed="2" covered="161"/><counter type="BRANCH" missed="1" covered="7"/><counter type="LINE" missed="1" covered="18"/><counter type="COMPLEXITY" missed="1" covered="4"/><counter type="METHOD" missed="0" covered="1"/></method><method name="obtenerAforoSala" desc="(I)I" line="702"><counter type="INSTRUCTION" missed="2" covered="14"/><counter type="BRANCH" missed="1" covered="1"/><counter type="LINE" missed="1" covered="3"/><counter type="COMPLEXITY" missed="1" covered="1"/><counter type="METHOD" missed="0" covered="1"/></method><method name="obtenerRecursos" desc="()Ljava/util/ArrayList;" line="721"><counter type="INSTRUCTION" missed="0" covered="24"/><counter type="BRANCH" missed="0" covered="2"/><counter type="LINE" missed="0" covered="4"/><counter type="COMPLEXITY" missed="0" covered="2"/><counter type="METHOD" missed="0" covered="1"/></method><method name="obtenerReserva" desc="(I)Lmdas/p2/gestorreservamgr/Reserva;" line="742"><counter type="INSTRUCTION" missed="16" covered="0"/><counter type="BRANCH" missed="2" covered="0"/><counter type="LINE" missed="4" covered="0"/><counter type="COMPLEXITY" missed="2" covered="0"/><counter type="METHOD" missed="1" covered="0"/></method><method name="obtenerReservas" desc="(Z)Ljava/util/ArrayList;" line="764"><counter type="INSTRUCTION" missed="37" covered="0"/><counter type="BRANCH" missed="8" covered="0"/><counter type="LINE" missed="8" covered="0"/><counter type="COMPLEXITY" missed="5" covered="0"/><counter type="METHOD" missed="1" covered="0"/></method><method name="obtenerSala" desc="(I)Lmdas/p2/gestorreservamgr/Sala;" line="793"><counter type="INSTRUCTION" missed="15" covered="0"/><counter type="BRANCH" missed="2" covered="0"/><counter type="LINE" missed="4" covered="0"/><counter type="COMPLEXITY" missed="2" covered="0"/><counter type="METHOD" missed="1" covered="0"/></method><method name="obtenerSancion" desc="(I)Lmdas/p2/gestorreservamgr/Sancion;" line="816"><counter type="INSTRUCTION" missed="34" covered="0"/><counter type="BRANCH" missed="6" covered="0"/><counter type="LINE" missed="8" covered="0"/><counter type="COMPLEXITY" missed="4" covered="0"/><counter type="METHOD" missed="1" covered="0"/></method><method name="preReservarSala" desc="(IIILjava/lang/String;ILjava/time/LocalDateTime;)I" line="850"><counter type="INSTRUCTION" missed="0" covered="35"/><counter type="LINE" missed="0" covered="4"/><counter type="COMPLEXITY" missed="0" covered="1"/><counter type="METHOD" missed="0" covered="1"/></method><method name="registrarSala" desc="(Ljava/lang/String;IILjava/lang/String;Ljava/util/ArrayList;)I" line="876"><counter type="INSTRUCTION" missed="74" covered="0"/><counter type="BRANCH" missed="6" covered="0"/><counter type="LINE" missed="11" covered="0"/><counter type="COMPLEXITY" missed="4" covered="0"/><counter type="METHOD" missed="1" covered="0"/></method><method name="salaLibre" desc="(IILjava/time/LocalDateTime;I)Z" line="913"><counter type="INSTRUCTION" missed="21" covered="43"/><counter type="BRANCH" missed="9" covered="7"/><counter type="LINE" missed="3" covered="6"/><counter type="COMPLEXITY" missed="6" covered="3"/><counter type="METHOD" missed="0" covered="1"/></method><method name="reanudarReserva" desc="(II)I" line="943"><counter type="INSTRUCTION" missed="4" covered="23"/><counter type="BRANCH" missed="2" covered="2"/><counter type="LINE" missed="2" covered="6"/><counter type="COMPLEXITY" missed="2" covered="1"/><counter type="METHOD" missed="0" covered="1"/></method><method name="suspenderReserva" desc="(II)I" line="976"><counter type="INSTRUCTION" missed="4" covered="23"/><counter type="BRANCH" missed="2" covered="2"/><counter type="LINE" missed="2" covered="6"/><counter type="COMPLEXITY" missed="2" covered="1"/><counter type="METHOD" missed="0" covered="1"/></method><counter type="INSTRUCTION" missed="274" covered="1281"/><counter type="BRANCH" missed="57" covered="116"/><counter type="LINE" missed="61" covered="216"/><counter type="COMPLEXITY" missed="47" covered="76"/><counter type="METHOD" missed="5" covered="24"/><counter type="CLASS" missed="0" covered="1"/></class><class name="mdas/p2/gestorreservamgr/Sancion" sourcefilename="Sancion.java"><method name="&lt;init&gt;" desc="(IIIILjava/time/LocalDate;)V" line="36"><counter type="INSTRUCTION" missed="0" covered="18"/><counter type="LINE" missed="0" covered="7"/><counter type="COMPLEXITY" missed="0" covered="1"/><counter type="METHOD" missed="0" covered="1"/></method><method name="codigo" desc="()I" line="52"><counter type="INSTRUCTION" missed="3" covered="0"/><counter type="LINE" missed="1" covered="0"/><counter type="COMPLEXITY" missed="1" covered="0"/><counter type="METHOD" missed="1" covered="0"/></method><method name="duracion" desc="()I" line="63"><counter type="INSTRUCTION" missed="0" covered="3"/><counter type="LINE" missed="0" covered="1"/><counter type="COMPLEXITY" missed="0" covered="1"/><counter type="METHOD" missed="0" covered="1"/></method><method name="fecha" desc="()Ljava/time/LocalDate;" line="74"><counter type="INSTRUCTION" missed="0" covered="3"/><counter type="LINE" missed="0" covered="1"/><counter type="COMPLEXITY" missed="0" covered="1"/><counter type="METHOD" missed="0" covered="1"/></method><method name="id" desc="()I" line="85"><counter type="INSTRUCTION" missed="3" covered="0"/><counter type="LINE" missed="1" covered="0"/><counter type="COMPLEXITY" missed="1" covered="0"/><counter type="METHOD" missed="1" covered="0"/></method><method name="idIncidencia" desc="()I" line="96"><counter type="INSTRUCTION" missed="0" covered="3"/><counter type="LINE" missed="0" covered="1"/><counter type="COMPLEXITY" missed="0" covered="1"/><counter type="METHOD" missed="0" covered="1"/></method><method name="toString" desc="()Ljava/lang/String;" line="108"><counter type="INSTRUCTION" missed="0" covered="30"/><counter type="LINE" missed="0" covered="1"/><counter type="COMPLEXITY" missed="0" covered="1"/><counter type="METHOD" missed="0" covered="1"/></method><counter type="INSTRUCTION" missed="6" covered="57"/><counter type="LINE" missed="2" covered="11"/><counter type="COMPLEXITY" missed="2" covered="5"/><counter type="METHOD" missed="2" covered="5"/><counter type="CLASS" missed="0" covered="1"/></class><class name="mdas/p2/gestorreservamgr/Reserva" sourcefilename="Reserva.java"><method name="&lt;init&gt;" desc="(IIIILjava/lang/String;ILjava/time/LocalDateTime;)V" line="42"><counter type="INSTRUCTION" missed="0" covered="30"/><counter type="LINE" missed="0" covered="11"/><counter type="COMPLEXITY" missed="0" covered="1"/><counter type="METHOD" missed="0" covered="1"/></method><method name="&lt;init&gt;" desc="(IIIILjava/lang/String;IZLjava/time/LocalDateTime;)V" line="69"><counter type="INSTRUCTION" missed="0" covered="30"/><counter type="LINE" missed="0" covered="11"/><counter type="COMPLEXITY" missed="0" covered="1"/><counter type="METHOD" missed="0" covered="1"/></method><method name="alumnos" desc="()I" line="89"><counter type="INSTRUCTION" missed="3" covered="0"/><counter type="LINE" missed="1" covered="0"/><counter type="COMPLEXITY" missed="1" covered="0"/><counter type="METHOD" missed="1" covered="0"/></method><method name="asignatura" desc="()Ljava/lang/String;" line="100"><counter type="INSTRUCTION" missed="3" covered="0"/><counter type="LINE" missed="1" covered="0"/><counter type="COMPLEXITY" missed="1" covered="0"/><counter type="METHOD" missed="1" covered="0"/></method><method name="duracion" desc="()I" line="111"><counter type="INSTRUCTION" missed="0" covered="3"/><counter type="LINE" missed="0" covered="1"/><counter type="COMPLEXITY" missed="0" covered="1"/><counter type="METHOD" missed="0" covered="1"/></method><method name="estado" desc="()Z" line="122"><counter type="INSTRUCTION" missed="3" covered="0"/><counter type="LINE" missed="1" covered="0"/><counter type="COMPLEXITY" missed="1" covered="0"/><counter type="METHOD" missed="1" covered="0"/></method><method name="estado" desc="(Z)V" line="133"><counter type="INSTRUCTION" missed="0" covered="4"/><counter type="LINE" missed="0" covered="2"/><counter type="COMPLEXITY" missed="0" covered="1"/><counter type="METHOD" missed="0" covered="1"/></method><method name="fechaYHora" desc="()Ljava/time/LocalDateTime;" line="144"><counter type="INSTRUCTION" missed="0" covered="3"/><counter type="LINE" missed="0" covered="1"/><counter type="COMPLEXITY" missed="0" covered="1"/><counter type="METHOD" missed="0" covered="1"/></method><method name="id" desc="()Ljava/lang/Integer;" line="155"><counter type="INSTRUCTION" missed="0" covered="4"/><counter type="LINE" missed="0" covered="1"/><counter type="COMPLEXITY" missed="0" covered="1"/><counter type="METHOD" missed="0" covered="1"/></method><method name="idAlumno" desc="()I" line="166"><counter type="INSTRUCTION" missed="0" covered="3"/><counter type="LINE" missed="0" covered="1"/><counter type="COMPLEXITY" missed="0" covered="1"/><counter type="METHOD" missed="0" covered="1"/></method><method name="idSala" desc="()I" line="177"><counter type="INSTRUCTION" missed="0" covered="3"/><counter type="LINE" missed="0" covered="1"/><counter type="COMPLEXITY" missed="0" covered="1"/><counter type="METHOD" missed="0" covered="1"/></method><method name="suspendida" desc="()Z" line="188"><counter type="INSTRUCTION" missed="3" covered="0"/><counter type="LINE" missed="1" covered="0"/><counter type="COMPLEXITY" missed="1" covered="0"/><counter type="METHOD" missed="1" covered="0"/></method><method name="suspendida" desc="(Z)V" line="199"><counter type="INSTRUCTION" missed="0" covered="4"/><counter type="LINE" missed="0" covered="2"/><counter type="COMPLEXITY" missed="0" covered="1"/><counter type="METHOD" missed="0" covered="1"/></method><method name="toString" desc="()Ljava/lang/String;" line="211"><counter type="INSTRUCTION" missed="0" covered="53"/><counter type="LINE" missed="0" covered="1"/><counter type="COMPLEXITY" missed="0" covered="1"/><counter type="METHOD" missed="0" covered="1"/></method><counter type="INSTRUCTION" missed="12" covered="137"/><counter type="LINE" missed="4" covered="32"/><counter type="COMPLEXITY" missed="4" covered="10"/><counter type="METHOD" missed="4" covered="10"/><counter type="CLASS" missed="0" covered="1"/></class><class name="mdas/p2/gestorreservamgr/TipoSala" sourcefilename="TipoSala.java"><method name="&lt;clinit&gt;" desc="()V" line="13"><counter type="INSTRUCTION" missed="0" covered="64"/><counter type="LINE" missed="0" covered="6"/><counter type="COMPLEXITY" missed="0" covered="1"/><counter type="METHOD" missed="0" covered="1"/></method><method name="&lt;init&gt;" desc="(Ljava/lang/String;IILjava/lang/String;)V" line="33"><counter type="INSTRUCTION" missed="0" covered="11"/><counter type="LINE" missed="0" covered="4"/><counter type="COMPLEXITY" missed="0" covered="1"/><counter type="METHOD" missed="0" covered="1"/></method><method name="id" desc="()I" line="46"><counter type="INSTRUCTION" missed="0" covered="3"/><counter type="LINE" missed="0" covered="1"/><counter type="COMPLEXITY" missed="0" covered="1"/><counter type="METHOD" missed="0" covered="1"/></method><method name="descripcion" desc="()Ljava/lang/String;" line="57"><counter type="INSTRUCTION" missed="0" covered="3"/><counter type="LINE" missed="0" covered="1"/><counter type="COMPLEXITY" missed="0" covered="1"/><counter type="METHOD" missed="0" covered="1"/></method><counter type="INSTRUCTION" missed="0" covered="81"/><counter type="LINE" missed="0" covered="12"/><counter type="COMPLEXITY" missed="0" covered="4"/><counter type="METHOD" missed="0" covered="4"/><counter type="CLASS" missed="0" covered="1"/></class><sourcefile name="Incidencia.java"><line nr="33" mi="0" ci="2" mb="0" cb="0"/><line nr="34" mi="0" ci="3" mb="0" cb="0"/><line nr="35" mi="0" ci="3" mb="0" cb="0"/><line nr="36" mi="0" ci="3" mb="0" cb="0"/><line nr="37" mi="0" ci="3" mb="0" cb="0"/><line nr="38" mi="0" ci="1" mb="0" cb="0"/><line nr="48" mi="0" ci="3" mb="0" cb="0"/><line nr="59" mi="0" ci="3" mb="0" cb="0"/><line nr="70" mi="3" ci="0" mb="0" cb="0"/><line nr="81" mi="3" ci="0" mb="0" cb="0"/><line nr="93" mi="0" ci="24" mb="0" cb="0"/><counter type="INSTRUCTION" missed="6" covered="45"/><counter type="LINE" missed="2" covered="9"/><counter type="COMPLEXITY" missed="2" covered="4"/><counter type="METHOD" missed="2" covered="4"/><counter type="CLASS" missed="0" covered="1"/></sourcefile><sourcefile name="TipoSala.java"><line nr="13" mi="0" ci="24" mb="0" cb="0"/><line nr="14" mi="0" ci="8" mb="0" cb="0"/><line nr="15" mi="0" ci="8" mb="0" cb="0"/><line nr="16" mi="0" ci="8" mb="0" cb="0"/><line nr="17" mi="0" ci="8" mb="0" cb="0"/><line nr="18" mi="0" ci="8" mb="0" cb="0"/><line nr="33" mi=
[...]
"2" ci="0" mb="0" cb="0"/><line nr="89" mi="16" ci="0" mb="2" cb="0"/><line nr="90" mi="4" ci="0" mb="2" cb="0"/><line nr="91" mi="13" ci="0" mb="0" cb="0"/><line nr="93" mi="1" ci="0" mb="0" cb="0"/><line nr="97" mi="2" ci="0" mb="0" cb="0"/><line nr="109" mi="4" ci="0" mb="0" cb="0"/><line nr="111" mi="16" ci="0" mb="2" cb="0"/><line nr="112" mi="6" ci="0" mb="0" cb="0"/><line nr="115" mi="2" ci="0" mb="0" cb="0"/><line nr="127" mi="4" ci="0" mb="0" cb="0"/><line nr="129" mi="16" ci="0" mb="2" cb="0"/><line nr="130" mi="6" ci="0" mb="0" cb="0"/><line nr="133" mi="2" ci="0" mb="0" cb="0"/><counter type="INSTRUCTION" missed="158" covered="0"/><counter type="BRANCH" missed="8" covered="0"/><counter type="LINE" missed="26" covered="0"/><counter type="COMPLEXITY" missed="8" covered="0"/><counter type="METHOD" missed="4" covered="0"/><counter type="CLASS" missed="1" covered="0"/></sourcefile><sourcefile name="ReservaMgr.java"><line nr="43" mi="0" ci="3" mb="0" cb="0"/><line nr="65" mi="0" ci="2" mb="0" cb="0"/><line nr="66" mi="0" ci="2" mb="0" cb="0"/><line nr="67" mi="0" ci="2" mb="0" cb="0"/><line nr="68" mi="0" ci="2" mb="0" cb="0"/><line nr="69" mi="0" ci="2" mb="0" cb="0"/><line nr="70" mi="0" ci="2" mb="0" cb="0"/><line nr="71" mi="0" ci="2" mb="0" cb="0"/><line nr="73" mi="0" ci="5" mb="0" cb="0"/><line nr="74" mi="0" ci="5" mb="0" cb="0"/><line nr="75" mi="0" ci="5" mb="0" cb="0"/><line nr="76" mi="0" ci="5" mb="0" cb="0"/><line nr="77" mi="0" ci="5" mb="0" cb="0"/><line nr="78" mi="0" ci="5" mb="0" cb="0"/><line nr="80" mi="0" ci="3" mb="0" cb="0"/><line nr="81" mi="0" ci="1" mb="0" cb="0"/><line nr="98" mi="0" ci="2" mb="0" cb="2"/><line nr="99" mi="0" ci="10" mb="0" cb="0"/><line nr="102" mi="0" ci="2" mb="0" cb="0"/><line nr="117" mi="0" ci="4" mb="0" cb="0"/><line nr="119" mi="0" ci="12" mb="0" cb="2"/><line nr="120" mi="0" ci="4" mb="0" cb="2"/><line nr="121" mi="0" ci="6" mb="0" cb="0"/><line nr="125" mi="0" ci="3" mb="0" cb="2"/><line nr="126" mi="0" ci="2" mb="0" cb="0"/><line nr="129" mi="0" ci="2" mb="0" cb="0"/><line nr="144" mi="0" ci="2" mb="0" cb="0"/><line nr="145" mi="0" ci="4" mb="0" cb="0"/><line nr="147" mi="0" ci="7" mb="1" cb="1"/><line nr="148" mi="0" ci="8" mb="0" cb="2"/><line nr="149" mi="0" ci="2" mb="0" cb="0"/><line nr="151" mi="0" ci="1" mb="0" cb="0"/><line nr="155" mi="0" ci="2" mb="0" cb="0"/><line nr="171" mi="0" ci="2" mb="0" cb="0"/><line nr="172" mi="0" ci="4" mb="0" cb="0"/><line nr="175" mi="0" ci="7" mb="1" cb="1"/><line nr="176" mi="0" ci="6" mb="0" cb="0"/><line nr="178" mi="0" ci="5" mb="0" cb="2"/><line nr="179" mi="0" ci="7" mb="1" cb="3"/><line nr="180" mi="0" ci="2" mb="0" cb="0"/><line nr="183" mi="0" ci="1" mb="0" cb="0"/><line nr="187" mi="0" ci="2" mb="0" cb="0"/><line nr="203" mi="0" ci="4" mb="0" cb="0"/><line nr="205" mi="0" ci="12" mb="0" cb="2"/><line nr="206" mi="0" ci="11" mb="1" cb="5"/><line nr="207" mi="0" ci="5" mb="0" cb="0"/><line nr="211" mi="0" ci="3" mb="1" cb="1"/><line nr="212" mi="2" ci="0" mb="0" cb="0"/><line nr="215" mi="0" ci="2" mb="0" cb="0"/><line nr="230" mi="0" ci="2" mb="0" cb="0"/><line nr="231" mi="0" ci="4" mb="0" cb="0"/><line nr="233" mi="0" ci="7" mb="1" cb="1"/><line nr="234" mi="0" ci="8" mb="0" cb="2"/><line nr="235" mi="0" ci="2" mb="0" cb="0"/><line nr="237" mi="0" ci="1" mb="0" cb="0"/><line nr="241" mi="0" ci="2" mb="0" cb="0"/><line nr="258" mi="0" ci="4" mb="0" cb="0"/><line nr="260" mi="0" ci="12" mb="0" cb="2"/><line nr="261" mi="0" ci="4" mb="0" cb="2"/><line nr="262" mi="0" ci="2" mb="0" cb="0"/><line nr="264" mi="0" ci="12" mb="0" cb="2"/><line nr="265" mi="0" ci="11" mb="0" cb="4"/><line nr="266" mi="0" ci="1" mb="0" cb="0"/><line nr="270" mi="0" ci="4" mb="0" cb="2"/><line nr="271" mi="0" ci="6" mb="0" cb="0"/><line nr="276" mi="0" ci="3" mb="0" cb="2"/><line nr="277" mi="0" ci="2" mb="0" cb="0"/><line nr="280" mi="0" ci="2" mb="0" cb="0"/><line nr="295" mi="0" ci="2" mb="0" cb="0"/><line nr="297" mi="0" ci="12" mb="1" cb="1"/><line nr="298" mi="0" ci="4" mb="1" cb="1"/><line nr="299" mi="0" ci="2" mb="0" cb="0"/><line nr="301" mi="0" ci="1" mb="0" cb="0"/><line nr="305" mi="0" ci="11" mb="2" cb="2"/><line nr="306" mi="3" ci="0" mb="0" cb="0"/><line nr="309" mi="0" ci="2" mb="0" cb="0"/><line nr="323" mi="0" ci="2" mb="0" cb="0"/><line nr="325" mi="0" ci="16" mb="1" cb="1"/><line nr="326" mi="0" ci="4" mb="0" cb="2"/><line nr="327" mi="0" ci="2" mb="0" cb="0"/><line nr="329" mi="0" ci="1" mb="0" cb="0"/><line nr="333" mi="0" ci="2" mb="0" cb="0"/><line nr="346" mi="0" ci="2" mb="0" cb="0"/><line nr="348" mi="0" ci="16" mb="1" cb="1"/><line nr="349" mi="0" ci="4" mb="0" cb="2"/><line nr="350" mi="0" ci="2" mb="0" cb="0"/><line nr="352" mi="0" ci="1" mb="0" cb="0"/><line nr="356" mi="0" ci="2" mb="0" cb="0"/><line nr="374" mi="0" ci="7" mb="0" cb="2"/><line nr="376" mi="0" ci="2" mb="1" cb="6"/><line nr="378" mi="0" ci="11" mb="0" cb="0"/><line nr="380" mi="0" ci="1" mb="0" cb="0"/><line nr="382" mi="0" ci="11" mb="0" cb="0"/><line nr="384" mi="0" ci="1" mb="0" cb="0"/><line nr="386" mi="0" ci="11" mb="0" cb="0"/><line nr="388" mi="0" ci="1" mb="0" cb="0"/><line nr="390" mi="0" ci="11" mb="0" cb="0"/><line nr="392" mi="0" ci="1" mb="0" cb="0"/><line nr="394" mi="0" ci="11" mb="0" cb="0"/><line nr="396" mi="0" ci="1" mb="0" cb="0"/><line nr="398" mi="0" ci="11" mb="0" cb="0"/><line nr="400" mi="0" ci="1" mb="0" cb="0"/><line nr="402" mi="2" ci="0" mb="0" cb="0"/><line nr="407" mi="1" ci="5" mb="0" cb="2"/><line nr="408" mi="0" ci="6" mb="0" cb="0"/><line nr="410" mi="0" ci="4" mb="0" cb="0"/><line nr="412" mi="0" ci="4" mb="0" cb="2"/><line nr="413" mi="0" ci="5" mb="0" cb="0"/><line nr="416" mi="0" ci="2" mb="1" cb="6"/><line nr="418" mi="0" ci="28" mb="0" cb="0"/><line nr="420" mi="0" ci="1" mb="0" cb="0"/><line nr="422" mi="0" ci="20" mb="0" cb="0"/><line nr="424" mi="0" ci="1" mb="0" cb="0"/><line nr="426" mi="0" ci="47" mb="0" cb="0"/><line nr="428" mi="0" ci="1" mb="0" cb="0"/><line nr="430" mi="0" ci="32" mb="0" cb="0"/><line nr="432" mi="0" ci="1" mb="0" cb="0"/><line nr="434" mi="0" ci="17" mb="0" cb="0"/><line nr="436" mi="0" ci="1" mb="0" cb="0"/><line nr="438" mi="0" ci="33" mb="0" cb="0"/><line nr="440" mi="0" ci="1" mb="0" cb="0"/><line nr="446" mi="0" ci="2" mb="0" cb="0"/><line nr="447" mi="0" ci="1" mb="0" cb="0"/><line nr="448" mi="1" ci="0" mb="0" cb="0"/><line nr="449" mi="11" ci="0" mb="0" cb="0"/><line nr="451" mi="1" ci="0" mb="0" cb="0"/><line nr="452" mi="10" ci="0" mb="0" cb="0"/><line nr="454" mi="2" ci="0" mb="0" cb="0"/><line nr="458" mi="0" ci="2" mb="0" cb="0"/><line nr="474" mi="0" ci="5" mb="0" cb="0"/><line nr="476" mi="0" ci="3" mb="1" cb="1"/><line nr="477" mi="0" ci="7" mb="0" cb="0"/><line nr="479" mi="0" ci="3" mb="0" cb="0"/><line nr="481" mi="0" ci="2" mb="0" cb="0"/><line nr="484" mi="2" ci="0" mb="0" cb="0"/><line nr="500" mi="0" ci="5" mb="0" cb="0"/><line nr="502" mi="0" ci="3" mb="1" cb="1"/><line nr="503" mi="0" ci="5" mb="0" cb="0"/><line nr="505" mi="0" ci="3" mb="0" cb="0"/><line nr="507" mi="0" ci="2" mb="0" cb="0"/><line nr="510" mi="2" ci="0" mb="0" cb="0"/><line nr="533" mi="0" ci="2" mb="0" cb="0"/><line nr="535" mi="0" ci="7" mb="0" cb="2"/><line nr="536" mi="0" ci="4" mb="0" cb="0"/><line nr="539" mi="0" ci="2" mb="1" cb="6"/><line nr="541" mi="0" ci="11" mb="0" cb="0"/><line nr="543" mi="0" ci="12" mb="0" cb="2"/><line nr="544" mi="0" ci="5" mb="0" cb="0"/><line nr="547" mi="0" ci="1" mb="0" cb="0"/><line nr="549" mi="0" ci="11" mb="0" cb="0"/><line nr="551" mi="0" ci="12" mb="0" cb="2"/><line nr="552" mi="0" ci="5" mb="0" cb="0"/><line nr="555" mi="0" ci="1" mb="0" cb="0"/><line nr="557" mi="0" ci="11" mb="0" cb="0"/><line nr="559" mi="0" ci="12" mb="0" cb="2"/><line nr="560" mi="0" ci="5" mb="0" cb="0"/><line nr="563" mi="0" ci="1" mb="0" cb="0"/><line nr="565" mi="0" ci="11" mb="0" cb="0"/><line nr="567" mi="0" ci="12" mb="0" cb="2"/><line nr="568" mi="0" ci="5" mb="0" cb="0"/><line nr="571" mi="0" ci="1" mb="0" cb="0"/><line nr="573" mi="0" ci="11" mb="0" cb="0"/><line nr="575" mi="0" ci="12" mb="0" cb="2"/><line nr="576" mi="0" ci="5" mb="0" cb="0"/><line nr="579" mi="0" ci="1" mb="0" cb="0"/><line nr="581" mi="0" ci="11" mb="0" cb="0"/><line nr="583" mi="0" ci="12" mb="0" cb="2"/><line nr="584" mi="0" ci="5" mb="0" cb="0"/><line nr="587" mi="0" ci="1" mb="0" cb="0"/><line nr="592" mi="0" ci="11" mb="0" cb="2"/><line nr="593" mi="0" ci="11" mb="0" cb="0"/><line nr="596" mi="0" ci="2" mb="0" cb="0"/><line nr="597" mi="0" ci="1" mb="0" cb="0"/><line nr="598" mi="1" ci="0" mb="0" cb="0"/><line nr="599" mi="10" ci="0" mb="0" cb="0"/><line nr="601" mi="2" ci="0" mb="0" cb="0"/><line nr="603" mi="1" ci="0" mb="0" cb="0"/><line nr="604" mi="10" ci="0" mb="0" cb="0"/><line nr="606" mi="2" ci="0" mb="0" cb="0"/><line nr="610" mi="0" ci="2" mb="0" cb="0"/><line nr="625" mi="0" ci="4" mb="0" cb="0"/><line nr="629" mi="0" ci="3" mb="1" cb="1"/><line nr="630" mi="0" ci="6" mb="0" cb="0"/><line nr="632" mi="0" ci="20" mb="0" cb="0"/><line nr="634" mi="0" ci="2" mb="0" cb="0"/><line nr="637" mi="2" ci="0" mb="0" cb="0"/><line nr="653" mi="0" ci="5" mb="0" cb="0"/><line nr="659" mi="0" ci="3" mb="1" cb="1"/><line nr="660" mi="0" ci="6" mb="0" cb="0"/><line nr="662" mi="0" ci="9" mb="0" cb="0"/><line nr="664" mi="0" ci="1" mb="0" cb="0"/><line nr="665" mi="0" ci="11" mb="0" cb="0"/><line nr="666" mi="0" ci="10" mb="0" cb="0"/><line nr="667" mi="0" ci="8" mb="0" cb="0"/><line nr="668" mi="0" ci="11" mb="0" cb="0"/><line nr="669" mi="0" ci="11" mb="0" cb="0"/><line nr="670" mi="0" ci="15" mb="0" cb="0"/><line nr="671" mi="0" ci="18" mb="0" cb="2"/><line nr="672" mi="0" ci="5" mb="0" cb="0"/><line nr="675" mi="0" ci="12" mb="0" cb="2"/><line nr="676" mi="0" ci="5" mb="0" cb="2"/><line nr="677" mi="0" ci="9" mb="0" cb="0"/><line nr="679" mi="0" ci="20" mb="0" cb="0"/><line nr="683" mi="0" ci="2" mb="0" cb="0"/><line nr="686" mi="2" ci="0" mb="0" cb="0"/><line nr="702" mi="0" ci="4" mb="0" cb="0"/><line nr="704" mi="0" ci="3" mb="1" cb="1"/><line nr="705" mi="0" ci="7" mb="0" cb="0"/><line nr="708" mi="2" ci="0" mb="0" cb="0"/><line nr="721" mi="0" ci="4" mb="0" cb="0"/><line nr="723" mi="0" ci="12" mb="0" cb="2"/><line nr="724" mi="0" ci="6" mb="0" cb="0"/><line nr="727" mi="0" ci="2" mb="0" cb="0"/><line nr="742" mi="5" ci="0" mb="0" cb="0"/><line nr="744" mi="3" ci="0" mb="2" cb="0"/><line nr="745" mi="6" ci="0" mb="0" cb="0"/><line nr="748" mi="2" ci="0" mb="0" cb="0"/><line nr="764" mi="4" ci="0" mb="0" cb="0"/><line nr="765" mi="2" ci="0" mb="0" cb="0"/><line nr="767" mi="12" ci="0" mb="2" cb="0"/><line nr="768" mi="7" ci="0" mb="4" cb="0"/><line nr="769" mi="5" ci="0" mb="0" cb="0"/><line nr="773" mi="3" ci="0" mb="2" cb="0"/><line nr="774" mi="2" ci="0" mb="0" cb="0"/><line nr="777" mi="2" ci="0" mb="0" cb="0"/><line nr="793" mi="4" ci="0" mb="0" cb="0"/><line nr="795" mi="3" ci="0" mb="2" cb="0"/><line nr="796" mi="6" ci="0" mb="0" cb="0"/><line nr="799" mi="2" ci="0" mb="0" cb="0"/><line nr="816" mi="2" ci="0" mb="0" cb="0"/><line nr="817" mi="4" ci="0" mb="0" cb="0"/><line nr="819" mi="7" ci="0" mb="2" cb="0"/><line nr="820" mi="8" ci="0" mb="2" cb="0"/><line nr="821" mi="2" ci="0" mb="0" cb="0"/><line nr="825" mi="3" ci="0" mb="2" cb="0"/><line nr="826" mi="6" ci="0" mb="0" cb="0"/><line nr="829" mi="2" ci="0" mb="0" cb="0"/><line nr="850" mi="0" ci="23" mb="0" cb="0"/><line nr="852" mi="0" ci="5" mb="0" cb="0"/><line nr="854" mi="0" ci="3" mb="0" cb="0"/><line nr="856" mi="0" ci="4" mb="0" cb="0"/><line nr="876" mi="2" ci="0" mb="0" cb="0"/><line nr="879" mi="16" ci="0" mb="2" cb="0"/><line nr="880" mi="4" ci="0" mb="2" cb="0"/><line nr="881" mi="2" ci="0" mb="0" cb="0"/><line nr="883" mi="1" ci="0" mb="0" cb="0"/><line nr="887" mi="20" ci="0" mb="0" cb="0"/><line nr="889" mi="3" ci="0" mb="0" cb="0"/><line nr="891" mi="12" ci="0" mb="2" cb="0"/><line nr="892" mi="9" ci="0" mb="0" cb="0"/><line nr="895" mi="3" ci="0" mb="0" cb="0"/><line nr="897" mi="2" ci="0" mb="0" cb="0"/><line nr="913" mi="0" ci="4" mb="0" cb="0"/><line nr="915" mi="0" ci="12" mb="0" cb="2"/><line nr="917" mi="0" ci="4" mb="0" cb="2"/><line nr="918" mi="0" ci="9" mb="1" cb="1"/><line nr="919" mi="0" ci="9" mb="1" cb="1"/><line nr="920" mi="8" ci="0" mb="2" cb="0"/><line nr="921" mi="7" ci="0" mb="4" cb="0"/><line nr="923" mi="4" ci="0" mb="0" cb="0"/><line nr="927" mi="2" ci="5" mb="1" cb="1"/><line nr="943" mi="0" ci="5" mb="0" cb="0"/><line nr="946" mi="0" ci="3" mb="1" cb="1"/><line nr="947" mi="0" ci="6" mb="0" cb="0"/><line nr="949" mi="0" ci="4" mb="1" cb="1"/><line nr="950" mi="0" ci="3" mb="0" cb="0"/><line nr="952" mi="0" ci="2" mb="0" cb="0"/><line nr="955" mi="2" ci="0" mb="0" cb="0"/><line nr="959" mi="2" ci="0" mb="0" cb="0"/><line nr="976" mi="0" ci="5" mb="0" cb="0"/><line nr="979" mi="0" ci="3" mb="1" cb="1"/><line nr="980" mi="0" ci="6" mb="0" cb="0"/><line nr="982" mi="0" ci="4" mb="1" cb="1"/><line nr="983" mi="0" ci="3" mb="0" cb="0"/><line nr="985" mi="0" ci="2" mb="0" cb="0"/><line nr="988" mi="2" ci="0" mb="0" cb="0"/><line nr="992" mi="2" ci="0" mb="0" cb="0"/><counter type="INSTRUCTION" missed="274" covered="1281"/><counter type="BRANCH" missed="57" covered="116"/><counter type="LINE" missed="61" covered="216"/><counter type="COMPLEXITY" missed="47" covered="76"/><counter type="METHOD" missed="5" covered="24"/><counter type="CLASS" missed="0" covered="1"/></sourcefile><sourcefile name="Sala.java"><line nr="35" mi="0" ci="2" mb="0" cb="0"/><line nr="36" mi="0" ci="3" mb="0" cb="0"/><line nr="37" mi="0" ci="3" mb="0" cb="0"/><line nr="38" mi="0" ci="3" mb="0" cb="0"/><line nr="39" mi="0" ci="3" mb="0" cb="0"/><line nr="40" mi="0" ci="3" mb="0" cb="0"/><line nr="41" mi="0" ci="1" mb="0" cb="0"/><line nr="51" mi="0" ci="3" mb="0" cb="0"/><line nr="62" mi="0" ci="3" mb="0" cb="0"/><line nr="73" mi="0" ci="3" mb="0" cb="0"/><line nr="86" mi="3" ci="0" mb="0" cb="0"/><line nr="97" mi="0" ci="3" mb="0" cb="0"/><line nr="109" mi="0" ci="29" mb="0" cb="0"/><counter type="INSTRUCTION" missed="3" covered="59"/><counter type="LINE" missed="1" covered="12"/><counter type="COMPLEXITY" missed="1" covered="6"/><counter type="METHOD" missed="1" covered="6"/><counter type="CLASS" missed="0" covered="1"/></sourcefile><sourcefile name="Recurso.java"><line nr="28" mi="0" ci="2" mb="0" cb="0"/><line nr="29" mi="0" ci="3" mb="0" cb="0"/><line nr="30" mi="0" ci="3" mb="0" cb="0"/><line nr="31" mi="0" ci="3" mb="0" cb="0"/><line nr="32" mi="0" ci="1" mb="0" cb="0"/><line nr="42" mi="0" ci="3" mb="0" cb="0"/><line nr="53" mi="0" ci="3" mb="0" cb="0"/><line nr="64" mi="0" ci="3" mb="0" cb="0"/><line nr="76" mi="0" ci="18" mb="0" cb="0"/><counter type="INSTRUCTION" missed="0" covered="39"/><counter type="LINE" missed="0" covered="9"/><counter type="COMPLEXITY" missed="0" covered="5"/><counter type="METHOD" missed="0" covered="5"/><counter type="CLASS" missed="0" covered="1"/></sourcefile><sourcefile name="TipoIncidencia.java"><line nr="13" mi="0" ci="24" mb="0" cb="0"/><line nr="14" mi="0" ci="8" mb="0" cb="0"/><line nr="15" mi="0" ci="8" mb="0" cb="0"/><line nr="16" mi="0" ci="8" mb="0" cb="0"/><line nr="17" mi="0" ci="8" mb="0" cb="0"/><line nr="18" mi="0" ci="8" mb="0" cb="0"/><line nr="33" mi="0" ci="4" mb="0" cb="0"/><line nr="34" mi="0" ci="3" mb="0" cb="0"/><line nr="35" mi="0" ci="3" mb="0" cb="0"/><line nr="36" mi="0" ci="1" mb="0" cb="0"/><line nr="46" mi="0" ci="3" mb="0" cb="0"/><line nr="57" mi="3" ci="0" mb="0" cb="0"/><counter type="INSTRUCTION" missed="3" covered="78"/><counter type="LINE" missed="1" covered="11"/><counter type="COMPLEXITY" missed="1" covered="3"/><counter type="METHOD" missed="1" covered="3"/><counter type="CLASS" missed="0" covered="1"/></sourcefile><counter type="INSTRUCTION" missed="462" covered="1805"/><counter type="BRANCH" missed="65" covered="116"/><counter type="LINE" missed="97" covered="319"/><counter type="COMPLEXITY" missed="65" covered="117"/><counter type="METHOD" missed="19" covered="65"/><counter type="CLASS" missed="1" covered="9"/></package><package name="mdas/p2/administradorusuarios"><class name="mdas/p2/administradorusuarios/AdministradorUsuarios" sourcefilename="AdministradorUsuarios.java"><method name="&lt;init&gt;" desc="(Ljava/lang/String;)V" line="28"><counter type="INSTRUCTION" missed="0" covered="7"/><counter type="LINE" missed="0" covered="3"/><counter type="COMPLEXITY" missed="0" covered="1"/><counter type="METHOD" missed="0" covered="1"/></method><method name="alumno" desc="(I)Z" line="44"><counter type="INSTRUCTION" missed="0" covered="9"/><counter type="BRANCH" missed="0" covered="2"/><counter type="LINE" missed="0" covered="1"/><counter type="COMPLEXITY" missed="0" covered="2"/><counter type="METHOD" missed="0" covered="1"/></method><method name="empleado" desc="(I)Z" line="59"><counter type="INSTRUCTION" missed="2" covered="7"/><counter type="BRANCH" missed="1" covered="1"/><counter type="LINE" missed="0" covered="1"/><counter type="COMPLEXITY" missed="1" covered="1"/><counter type="METHOD" missed="0" covered="1"/></method><method name="iniciarSesion" desc="()I" line="73"><counter type="INSTRUCTION" missed="0" covered="4"/><counter type="LINE" missed="0" covered="1"/><counter type="COMPLEXITY" missed="0" covered="1"/><counter type="METHOD" missed="0" covered="1"/></method><method name="nombre" desc="(I)Ljava/lang/String;" line="87"><counter type="INSTRUCTION" missed="0" covered="5"/><counter type="LINE" missed="0" covered="1"/><counter type="COMPLEXITY" missed="0" covered="1"/><counter type="METHOD" missed="0" covered="1"/></method><counter type="INSTRUCTION" missed="2" covered="32"/><counter type="BRANCH" missed="1" covered="3"/><counter type="LINE" missed="0" covered="7"/><counter type="COMPLEXITY" missed="1" covered="6"/><counter type="METHOD" missed="0" covered="5"/><counter type="CLASS" missed="0" covered="1"/></class><class name="mdas/p2/administradorusuarios/IIniciarSesion" sourcefilename="IIniciarSesion.java"/><sourcefile name="AdministradorUsuarios.java"><line nr="28" mi="0" ci="2" mb="0" cb="0"/><line nr="29" mi="0" ci="4" mb="0" cb="0"/><line nr="30" mi="0" ci="1" mb="0" cb="0"/><line nr="44" mi="0" ci="9" mb="0" cb="2"/><line nr="59" mi="2" ci="7" mb="1" cb="1"/><line nr="73" mi="0" ci="4" mb="0" cb="0"/><line nr="87" mi="0" ci="5" mb="0" cb="0"/><counter type="INSTRUCTION" missed="2" covered="32"/><counter type="BRANCH" missed="1" covered="3"/><counter type="LINE" missed="0" covered="7"/><counter type="COMPLEXITY" missed="1" covered="6"/><counter type="METHOD" missed="0" covered="5"/><counter type="CLASS" missed="0" covered="1"/></sourcefile><sourcefile name="IIniciarSesion.java"/><counter type="INSTRUCTION" missed="2" covered="32"/><counter type="BRANCH" missed="1" covered="3"/><counter type="LINE" missed="0" covered="7"/><counter type="COMPLEXITY" missed="1" covered="6"/><counter type="METHOD" missed="0" covered="5"/><counter type="CLASS" missed="0" covered="1"/></package><counter type="INSTRUCTION" missed="1130" covered="2929"/><counter type="BRANCH" missed="131" covered="197"/><counter type="LINE" missed="264" covered="560"/><counter type="COMPLEXITY" missed="136" covered="185"/><counter type="METHOD" missed="38" covered="109"/><counter type="CLASS" missed="2" covered="19"/></group><counter type="INSTRUCTION" missed="1130" covered="2929"/><counter type="BRANCH" missed="131" covered="197"/><counter type="LINE" missed="264" covered="560"/><counter type="COMPLEXITY" missed="136" covered="185"/><counter type="METHOD" missed="38" covered="109"/><counter type="CLASS" missed="2" covered="19"/></group><counter type="INSTRUCTION" missed="1130" covered="2929"/><counter type="BRANCH" missed="131" covered="197"/><counter type="LINE" missed="264" covered="560"/><counter type="COMPLEXITY" missed="136" covered="185"/><counter type="METHOD" missed="38" covered="109"/><counter type="CLASS" missed="2" covered="19"/></report>